This file contains any messages produced by compilers while
running configure, to aid debugging if configure makes a mistake.

It was created by configure, which was
generated by GNU Autoconf 2.64.  Invocation command line was

  $ /Users/youhua/Downloads/gdb-7.6.2/opcodes/configure --cache-file=./config.cache --with-system-zlib --program-transform-name=s,y,y, --disable-option-checking --build=x86_64-apple-darwin13.0.0 --host=x86_64-apple-darwin13.0.0 --target=x86_64-apple-darwin13.0.0 --srcdir=.././opcodes

## --------- ##
## Platform. ##
## --------- ##

hostname = YouHuatekiMacBook-Pro.local
uname -m = x86_64
uname -r = 13.0.0
uname -s = Darwin
uname -v = Darwin Kernel Version 13.0.0: Thu Sep 19 22:22:27 PDT 2013; root:xnu-2422.1.72~6/RELEASE_X86_64

/usr/bin/uname -p = i386
/bin/uname -X     = unknown

/bin/arch              = unknown
/usr/bin/arch -k       = unknown
/usr/convex/getsysinfo = unknown
/usr/bin/hostinfo      = Mach kernel version:
	 Darwin Kernel Version 13.0.0: Thu Sep 19 22:22:27 PDT 2013; root:xnu-2422.1.72~6/RELEASE_X86_64
Kernel configured for up to 8 processors.
4 processors are physically available.
8 processors are logically available.
Processor type: i486 (Intel 80486)
Processors active: 0 1 2 3 4 5 6 7
Primary memory available: 16.00 gigabytes
Default processor set: 188 tasks, 881 threads, 8 processors
Load average: 3.54, Mach factor: 4.55
/bin/machine           = unknown
/usr/bin/oslevel       = unknown
/bin/universe          = unknown

PATH: /Users/youhua/.rvm/gems/ruby-2.1.0/bin
PATH: /Users/youhua/.rvm/gems/ruby-2.1.0@global/bin
PATH: /Users/youhua/.rvm/rubies/ruby-2.1.0/bin
PATH: /usr/bin
PATH: /bin
PATH: /usr/sbin
PATH: /sbin
PATH: /usr/local/bin
PATH: /Users/youhua/.rvm/bin


## ----------- ##
## Core tests. ##
## ----------- ##

configure:2174: loading cache ./config.cache
configure:2287: checking build system type
configure:2301: result: x86_64-apple-darwin13.0.0
configure:2321: checking host system type
configure:2334: result: x86_64-apple-darwin13.0.0
configure:2354: checking target system type
configure:2367: result: x86_64-apple-darwin13.0.0
configure:2401: checking for x86_64-apple-darwin13.0.0-gcc
configure:2428: result: gcc
configure:2697: checking for C compiler version
configure:2706: gcc --version >&5
Apple LLVM version 5.0 (clang-500.2.79) (based on LLVM 3.3svn)
Target: x86_64-apple-darwin13.0.0
Thread model: posix
Configured with: --prefix=/Applications/Xcode.app/Contents/Developer/usr --with-gxx-include-dir=/usr/include/c++/4.2.1
configure:2717: $? = 0
configure:2706: gcc -v >&5
Configured with: --prefix=/Applications/Xcode.app/Contents/Developer/usr --with-gxx-include-dir=/usr/include/c++/4.2.1
Apple LLVM version 5.0 (clang-500.2.79) (based on LLVM 3.3svn)
Target: x86_64-apple-darwin13.0.0
Thread model: posix
configure:2717: $? = 0
configure:2706: gcc -V >&5
clang: error: argument to '-V' is missing (expected 1 value)
clang: error: no input files
configure:2717: $? = 1
configure:2706: gcc -qversion >&5
clang: error: no input files
configure:2717: $? = 1
configure:2737: checking for C compiler default output file name
configure:2759: gcc -g -O2    conftest.c  >&5
configure:2763: $? = 0
configure:2800: result: a.out
configure:2816: checking whether the C compiler works
configure:2825: ./a.out
configure:2829: $? = 0
configure:2844: result: yes
configure:2851: checking whether we are cross compiling
configure:2853: result: no
configure:2856: checking for suffix of executables
configure:2863: gcc -o conftest -g -O2    conftest.c  >&5
configure:2867: $? = 0
configure:2889: result: 
configure:2895: checking for suffix of object files
configure:2942: result: o
configure:2946: checking whether we are using the GNU C compiler
configure:2974: result: yes
configure:2983: checking whether gcc accepts -g
configure:3044: result: yes
configure:3061: checking for gcc option to accept ISO C89
configure:3138: result: none needed
configure:3159: checking for library containing strerror
configure:3207: result: none required
configure:3237: checking for a BSD-compatible install
configure:3305: result: /usr/bin/install -c
configure:3316: checking whether build environment is sane
configure:3366: result: yes
configure:3507: checking for a thread-safe mkdir -p
configure:3546: result: ./../install-sh -c -d
configure:3559: checking for gawk
configure:3586: result: awk
configure:3597: checking whether /Applications/Xcode.app/Contents/Developer/usr/bin/make sets $(MAKE)
configure:3619: result: yes
configure:3649: checking for style of include used by /Applications/Xcode.app/Contents/Developer/usr/bin/make
configure:3677: result: GNU
configure:3762: checking dependency style of gcc
configure:3872: result: gcc3
configure:3897: checking for x86_64-apple-darwin13.0.0-gcc
configure:3924: result: gcc
configure:4193: checking for C compiler version
configure:4202: gcc --version >&5
Apple LLVM version 5.0 (clang-500.2.79) (based on LLVM 3.3svn)
Target: x86_64-apple-darwin13.0.0
Thread model: posix
Configured with: --prefix=/Applications/Xcode.app/Contents/Developer/usr --with-gxx-include-dir=/usr/include/c++/4.2.1
configure:4213: $? = 0
configure:4202: gcc -v >&5
Configured with: --prefix=/Applications/Xcode.app/Contents/Developer/usr --with-gxx-include-dir=/usr/include/c++/4.2.1
Apple LLVM version 5.0 (clang-500.2.79) (based on LLVM 3.3svn)
Target: x86_64-apple-darwin13.0.0
Thread model: posix
configure:4213: $? = 0
configure:4202: gcc -V >&5
clang: error: argument to '-V' is missing (expected 1 value)
clang: error: no input files
configure:4213: $? = 1
configure:4202: gcc -qversion >&5
clang: error: no input files
configure:4213: $? = 1
configure:4217: checking whether we are using the GNU C compiler
configure:4245: result: yes
configure:4254: checking whether gcc accepts -g
configure:4315: result: yes
configure:4332: checking for gcc option to accept ISO C89
configure:4409: result: none needed
configure:4434: checking how to run the C preprocessor
configure:4504: result: gcc -E
configure:4524: gcc -E  conftest.c
configure:4524: $? = 0
configure:4538: gcc -E  conftest.c
conftest.c:11:10: fatal error: 'ac_nonexistent.h' file not found
#include <ac_nonexistent.h>
         ^
1 error generated.
configure:4538: $? = 1
configure: failed program was:
| /* confdefs.h */
| #define PACKAGE_NAME ""
| #define PACKAGE_TARNAME ""
| #define PACKAGE_VERSION ""
| #define PACKAGE_STRING ""
| #define PACKAGE_BUGREPORT ""
| #define PACKAGE_URL ""
| #define PACKAGE "opcodes"
| #define VERSION "2.23.52"
| /* end confdefs.h.  */
| #include <ac_nonexistent.h>
configure:4567: checking for grep that handles long lines and -e
configure:4625: result: /usr/bin/grep
configure:4630: checking for egrep
configure:4692: result: /usr/bin/grep -E
configure:4697: checking for ANSI C header files
configure:4801: result: yes
configure:4814: checking for sys/types.h
configure:4814: result: yes
configure:4814: checking for sys/stat.h
configure:4814: result: yes
configure:4814: checking for stdlib.h
configure:4814: result: yes
configure:4814: checking for string.h
configure:4814: result: yes
configure:4814: checking for memory.h
configure:4814: result: yes
configure:4814: checking for strings.h
configure:4814: result: yes
configure:4814: checking for inttypes.h
configure:4814: result: yes
configure:4814: checking for stdint.h
configure:4814: result: yes
configure:4814: checking for unistd.h
configure:4814: result: yes
configure:4828: checking for minix/config.h
configure:4828: result: no
configure:4849: checking whether it is safe to define __EXTENSIONS__
configure:4874: result: yes
configure:4894: checking for x86_64-apple-darwin13.0.0-ar
configure:4921: result: ar
configure:4986: checking for x86_64-apple-darwin13.0.0-ranlib
configure:5013: result: ranlib
configure:5154: checking how to print strings
configure:5181: result: printf
configure:5202: checking for a sed that does not truncate output
configure:5266: result: /usr/bin/sed
configure:5284: checking for fgrep
configure:5346: result: /usr/bin/grep -F
configure:5381: checking for ld used by gcc
configure:5448: result: /Applications/Xcode.app/Contents/Developer/Toolchains/XcodeDefault.xctoolchain/usr/bin/ld
configure:5455: checking if the linker (/Applications/Xcode.app/Contents/Developer/Toolchains/XcodeDefault.xctoolchain/usr/bin/ld) is GNU ld
configure:5470: result: no
configure:5482: checking for BSD- or MS-compatible name lister (nm)
configure:5531: result: nm
configure:5661: checking the name lister (nm) interface
configure:5681: result: BSD nm
configure:5684: checking whether ln -s works
configure:5688: result: yes
configure:5696: checking the maximum length of command line arguments
configure:5821: result: 196608
configure:5838: checking whether the shell understands some XSI constructs
configure:5848: result: yes
configure:5852: checking whether the shell understands "+="
configure:5858: result: yes
configure:5893: checking for /Applications/Xcode.app/Contents/Developer/Toolchains/XcodeDefault.xctoolchain/usr/bin/ld option to reload object files
configure:5900: result: -r
configure:5929: checking for x86_64-apple-darwin13.0.0-objdump
configure:5956: result: objdump
configure:6028: checking how to recognize dependent libraries
configure:6229: result: pass_all
configure:6249: checking for x86_64-apple-darwin13.0.0-ar
configure:6276: result: ar
configure:6354: checking for x86_64-apple-darwin13.0.0-strip
configure:6384: result: no
configure:6394: checking for strip
configure:6421: result: strip
configure:6453: checking for x86_64-apple-darwin13.0.0-ranlib
configure:6480: result: ranlib
configure:6622: checking command to parse nm output from gcc object
configure:6845: result: ok
configure:7076: checking for x86_64-apple-darwin13.0.0-dsymutil
configure:7106: result: no
configure:7116: checking for dsymutil
configure:7143: result: dsymutil
configure:7168: checking for x86_64-apple-darwin13.0.0-nmedit
configure:7198: result: no
configure:7208: checking for nmedit
configure:7235: result: nmedit
configure:7260: checking for x86_64-apple-darwin13.0.0-lipo
configure:7290: result: no
configure:7300: checking for lipo
configure:7327: result: lipo
configure:7352: checking for x86_64-apple-darwin13.0.0-otool
configure:7382: result: no
configure:7392: checking for otool
configure:7419: result: otool
configure:7444: checking for x86_64-apple-darwin13.0.0-otool64
configure:7474: result: no
configure:7484: checking for otool64
configure:7514: result: no
configure:7559: checking for -single_module linker flag
configure:7586: result: yes
configure:7588: checking for -exported_symbols_list linker flag
configure:7618: result: yes
configure:7620: checking for -force_load linker flag
configure:7648: result: yes
configure:7687: checking for dlfcn.h
configure:7687: result: yes
configure:7844: checking for objdir
configure:7859: result: .libs
configure:8130: checking if gcc supports -fno-rtti -fno-exceptions
configure:8165: result: yes
configure:8185: checking for gcc option to produce PIC
configure:8471: result: -fno-common -DPIC
configure:8483: checking if gcc PIC flag -fno-common -DPIC works
configure:8518: result: yes
configure:8542: checking if gcc static flag -static works
configure:8570: result: no
configure:8585: checking if gcc supports -c -o file.o
configure:8632: result: yes
configure:8640: checking if gcc supports -c -o file.o
configure:8687: result: yes
configure:8720: checking whether the gcc linker (/Applications/Xcode.app/Contents/Developer/Toolchains/XcodeDefault.xctoolchain/usr/bin/ld) supports shared libraries
configure:9791: result: yes
configure:10036: checking dynamic linker characteristics
configure:10709: result: darwin13.0.0 dyld
configure:10816: checking how to hardcode library paths into programs
configure:10841: result: immediate
configure:11381: checking whether stripping libraries is possible
configure:11395: result: yes
configure:11421: checking if libtool supports shared libraries
configure:11423: result: yes
configure:11426: checking whether to build shared libraries
configure:11447: result: no
configure:11450: checking whether to build static libraries
configure:11454: result: yes
configure:11584: checking whether gcc supports -Wmissing-field-initializers
configure:11610: result: yes
configure:11630: checking whether to enable maintainer-specific portions of Makefiles
configure:11639: result: no
configure:11667: checking whether to install libbfd
configure:11680: result: yes
configure:11726: checking whether NLS is requested
configure:11732: result: yes
configure:11738: checking for catalogs to be installed
configure:11770: result:  da de es fi fr ga id it nl pt_BR ro sv tr uk vi zh_CN da de es fi fr ga id it nl pt_BR ro sv tr uk vi zh_CN
configure:11797: checking whether NLS is requested
configure:11806: result: yes
configure:11844: checking for msgfmt
configure:11878: result: no
configure:11884: checking for gmsgfmt
configure:11915: result: :
configure:11955: checking for xgettext
configure:11989: result: no
configure:12026: checking for msgmerge
configure:12059: result: no
configure:12138: checking for string.h
configure:12138: result: yes
configure:12138: checking for strings.h
configure:12138: result: yes
configure:12138: checking for stdlib.h
configure:12138: result: yes
configure:12138: checking for limits.h
configure:12138: result: yes
configure:12149: checking whether string.h and strings.h may both be included
configure:12173: result: yes
configure:12182: checking whether basename is declared
configure:12182: result: no
configure:12192: checking whether stpcpy is declared
configure:12192: result: yes
configure:12234: checking linker --as-needed support
configure:12245: result: no
configure:12768: creating ./config.status

## ---------------------- ##
## Running config.status. ##
## ---------------------- ##

This file was extended by config.status, which was
generated by GNU Autoconf 2.64.  Invocation command line was

  CONFIG_FILES    = 
  CONFIG_HEADERS  = 
  CONFIG_LINKS    = 
  CONFIG_COMMANDS = 
  $ ./config.status 

on YouHuatekiMacBook-Pro.local

config.status:1126: creating Makefile
config.status:1126: creating po/Makefile.in
config.status:1126: creating config.h
config.status:1298: config.h is unchanged
config.status:1346: executing depfiles commands
config.status:1346: executing libtool commands
config.status:1346: executing default-1 commands

## ---------------- ##
## Cache variables. ##
## ---------------- ##

ac_cv_build=x86_64-apple-darwin13.0.0
ac_cv_c_compiler_gnu=yes
ac_cv_env_CC_set=set
ac_cv_env_CC_value=gcc
ac_cv_env_CFLAGS_set=set
ac_cv_env_CFLAGS_value='-g -O2'
ac_cv_env_CPPFLAGS_set=
ac_cv_env_CPPFLAGS_value=
ac_cv_env_CPP_set=
ac_cv_env_CPP_value=
ac_cv_env_LDFLAGS_set=set
ac_cv_env_LDFLAGS_value=' '
ac_cv_env_LIBS_set=
ac_cv_env_LIBS_value=
ac_cv_env_build_alias_set=set
ac_cv_env_build_alias_value=x86_64-apple-darwin13.0.0
ac_cv_env_host_alias_set=set
ac_cv_env_host_alias_value=x86_64-apple-darwin13.0.0
ac_cv_env_target_alias_set=set
ac_cv_env_target_alias_value=x86_64-apple-darwin13.0.0
ac_cv_have_decl_basename=no
ac_cv_have_decl_stpcpy=yes
ac_cv_header_dlfcn_h=yes
ac_cv_header_inttypes_h=yes
ac_cv_header_limits_h=yes
ac_cv_header_memory_h=yes
ac_cv_header_minix_config_h=no
ac_cv_header_stdc=yes
ac_cv_header_stdint_h=yes
ac_cv_header_stdlib_h=yes
ac_cv_header_string_h=yes
ac_cv_header_strings_h=yes
ac_cv_header_sys_stat_h=yes
ac_cv_header_sys_types_h=yes
ac_cv_header_unistd_h=yes
ac_cv_host=x86_64-apple-darwin13.0.0
ac_cv_objext=o
ac_cv_path_EGREP='/usr/bin/grep -E'
ac_cv_path_FGREP='/usr/bin/grep -F'
ac_cv_path_GMSGFMT=:
ac_cv_path_GREP=/usr/bin/grep
ac_cv_path_MSGFMT=:
ac_cv_path_MSGMERGE=:
ac_cv_path_SED=/usr/bin/sed
ac_cv_path_XGETTEXT=:
ac_cv_prog_AR=ar
ac_cv_prog_AWK=awk
ac_cv_prog_CC=gcc
ac_cv_prog_CPP='gcc -E'
ac_cv_prog_OBJDUMP=objdump
ac_cv_prog_RANLIB=ranlib
ac_cv_prog_ac_ct_DSYMUTIL=dsymutil
ac_cv_prog_ac_ct_LIPO=lipo
ac_cv_prog_ac_ct_NMEDIT=nmedit
ac_cv_prog_ac_ct_OTOOL=otool
ac_cv_prog_ac_ct_STRIP=strip
ac_cv_prog_cc_c89=
ac_cv_prog_cc_g=yes
ac_cv_prog_make__Applications_Xcode_app_Contents_Developer_usr_bin_make_set=yes
ac_cv_safe_to_define___extensions__=yes
ac_cv_search_strerror='none required'
ac_cv_target=x86_64-apple-darwin13.0.0
acx_cv_prog_cc_warning__Wmissing_field_initializers=yes
am_cv_CC_dependencies_compiler_type=gcc3
bfd_cv_ld_as_needed=no
gcc_cv_header_string=yes
lt_cv_apple_cc_single_mod=yes
lt_cv_deplibs_check_method=pass_all
lt_cv_file_magic_cmd='$MAGIC_CMD'
lt_cv_file_magic_test_file=
lt_cv_ld_exported_symbols_list=yes
lt_cv_ld_force_load=yes
lt_cv_ld_reload_flag=-r
lt_cv_nm_interface='BSD nm'
lt_cv_objdir=.libs
lt_cv_path_LD=/Applications/Xcode.app/Contents/Developer/Toolchains/XcodeDefault.xctoolchain/usr/bin/ld
lt_cv_path_NM=nm
lt_cv_prog_compiler_c_o=yes
lt_cv_prog_compiler_pic_works=yes
lt_cv_prog_compiler_rtti_exceptions=yes
lt_cv_prog_compiler_static_works=no
lt_cv_prog_gnu_ld=no
lt_cv_sys_global_symbol_pipe='sed -n -e '\''s/^.*[	 ]\([BCDEGRST][BCDEGRST]*\)[	 ][	 ]*_\([_A-Za-z][_A-Za-z0-9]*\)$/\1 _\2 \2/p'\'''
lt_cv_sys_global_symbol_to_c_name_address='sed -n -e '\''s/^: \([^ ]*\) $/  {\"\1\", (void *) 0},/p'\'' -e '\''s/^[BCDEGRST]* \([^ ]*\) \([^ ]*\)$/  {"\2", (void *) \&\2},/p'\'''
lt_cv_sys_global_symbol_to_c_name_address_lib_prefix='sed -n -e '\''s/^: \([^ ]*\) $/  {\"\1\", (void *) 0},/p'\'' -e '\''s/^[BCDEGRST]* \([^ ]*\) \(lib[^ ]*\)$/  {"\2", (void *) \&\2},/p'\'' -e '\''s/^[BCDEGRST]* \([^ ]*\) \([^ ]*\)$/  {"lib\2", (void *) \&\2},/p'\'''
lt_cv_sys_global_symbol_to_cdecl='sed -n -e '\''s/^T .* \(.*\)$/extern int \1();/p'\'' -e '\''s/^[BCDEGRST]* .* \(.*\)$/extern char \1;/p'\'''
lt_cv_sys_max_cmd_len=196608

## ----------------- ##
## Output variables. ##
## ----------------- ##

ACLOCAL='${SHELL} /Users/youhua/Downloads/gdb-7.6.2/missing --run aclocal-1.11'
AMDEPBACKSLASH='\'
AMDEP_FALSE='#'
AMDEP_TRUE=''
AMTAR='${SHELL} /Users/youhua/Downloads/gdb-7.6.2/missing --run tar'
AR='ar'
AUTOCONF='${SHELL} /Users/youhua/Downloads/gdb-7.6.2/missing --run autoconf'
AUTOHEADER='${SHELL} /Users/youhua/Downloads/gdb-7.6.2/missing --run autoheader'
AUTOMAKE='${SHELL} /Users/youhua/Downloads/gdb-7.6.2/missing --run automake-1.11'
AWK='awk'
BFD_MACHINES=' i386-dis.lo i386-opc.lo ppc-dis.lo ppc-opc.lo'
BUILD_LIBS='../libiberty/libiberty.a ${top_builddir}/../intl/libintl.a -liconv'
BUILD_LIB_DEPS='../libiberty/libiberty.a ${top_builddir}/../intl/libintl.a'
CATALOGS=' da.gmo de.gmo es.gmo fi.gmo fr.gmo ga.gmo id.gmo it.gmo nl.gmo pt_BR.gmo ro.gmo sv.gmo tr.gmo uk.gmo vi.gmo zh_CN.gmo da.gmo de.gmo es.gmo fi.gmo fr.gmo ga.gmo id.gmo it.gmo nl.gmo pt_BR.gmo ro.gmo sv.gmo tr.gmo uk.gmo vi.gmo zh_CN.gmo'
CATOBJEXT='.gmo'
CC='gcc'
CCDEPMODE='depmode=gcc3'
CC_FOR_BUILD='gcc'
CFLAGS='-g -O2'
CGEN_MAINT_FALSE=''
CGEN_MAINT_TRUE='#'
CPP='gcc -E'
CPPFLAGS=''
CYGPATH_W='echo'
DATADIRNAME='share'
DEFS='-DHAVE_CONFIG_H'
DEPDIR='.deps'
DSYMUTIL='dsymutil'
DUMPBIN=''
ECHO_C='\c'
ECHO_N=''
ECHO_T=''
EGREP='/usr/bin/grep -E'
EXEEXT=''
EXEEXT_FOR_BUILD='$(EXEEXT)'
FGREP='/usr/bin/grep -F'
GENCAT='gencat'
GMSGFMT=':'
GREP='/usr/bin/grep'
HDEFINES=''
INCINTL='-I${top_builddir}/../intl'
INSTALL_DATA='/usr/bin/install -c -m 644'
INSTALL_LIBBFD_FALSE='#'
INSTALL_LIBBFD_TRUE=''
INSTALL_PROGRAM='/usr/bin/install -c'
INSTALL_SCRIPT='/usr/bin/install -c'
INSTALL_STRIP_PROGRAM='$(install_sh) -c -s'
INSTOBJEXT='.mo'
LD='/Applications/Xcode.app/Contents/Developer/Toolchains/XcodeDefault.xctoolchain/usr/bin/ld'
LDFLAGS=' '
LIBINTL='${top_builddir}/../intl/libintl.a -liconv'
LIBINTL_DEP='${top_builddir}/../intl/libintl.a'
LIBM=''
LIBOBJS=''
LIBS=''
LIBTOOL='$(SHELL) $(top_builddir)/libtool'
LIPO='lipo'
LN_S='ln -s'
LTLIBOBJS=''
MAINT='#'
MAINTAINER_MODE_FALSE=''
MAINTAINER_MODE_TRUE='#'
MAKEINFO='makeinfo --split-size=5000000'
MKDIR_P='./../install-sh -c -d'
MKINSTALLDIRS='$(top_builddir)/./../mkinstalldirs'
MSGFMT=':'
MSGMERGE=':'
NM='nm'
NMEDIT='nmedit'
NO_WERROR='-Wno-error'
NO_WMISSING_FIELD_INITIALIZERS='-Wno-missing-field-initializers'
OBJDUMP='objdump'
OBJEXT='o'
OTOOL64=':'
OTOOL='otool'
PACKAGE='opcodes'
PACKAGE_BUGREPORT=''
PACKAGE_NAME=''
PACKAGE_STRING=''
PACKAGE_TARNAME=''
PACKAGE_URL=''
PACKAGE_VERSION=''
PATH_SEPARATOR=':'
POSUB='po'
RANLIB='ranlib'
SED='/usr/bin/sed'
SET_MAKE=''
SHARED_DEPENDENCIES=''
SHARED_LDFLAGS=''
SHARED_LIBADD=''
SHELL='/bin/sh'
STRIP='strip'
USE_NLS='yes'
VERSION='2.23.52'
WARN_CFLAGS='-W -Wall -Wstrict-prototypes -Wmissing-prototypes -Wshadow -Werror'
XGETTEXT=':'
ac_ct_CC=''
ac_ct_DUMPBIN=''
am__EXEEXT_FALSE=''
am__EXEEXT_TRUE='#'
am__fastdepCC_FALSE='#'
am__fastdepCC_TRUE=''
am__include='include'
am__isrc=''
am__leading_dot='.'
am__quote=''
am__tar='${AMTAR} chof - "$$tardir"'
am__untar='${AMTAR} xf -'
archdefs=' -DARCH_i386 -DARCH_powerpc -DARCH_rs6000'
bfdincludedir='$(includedir)'
bfdlibdir='$(libdir)'
bindir='${exec_prefix}/bin'
build='x86_64-apple-darwin13.0.0'
build_alias='x86_64-apple-darwin13.0.0'
build_cpu='x86_64'
build_os='darwin13.0.0'
build_vendor='apple'
cgendir='$(srcdir)/../cgen'
datadir='${datarootdir}'
datarootdir='${prefix}/share'
docdir='${datarootdir}/doc/${PACKAGE}'
dvidir='${docdir}'
exec_prefix='${prefix}'
host='x86_64-apple-darwin13.0.0'
host_alias='x86_64-apple-darwin13.0.0'
host_cpu='x86_64'
host_noncanonical='x86_64-apple-darwin13.0.0'
host_os='darwin13.0.0'
host_vendor='apple'
htmldir='${docdir}'
includedir='${prefix}/include'
infodir='${datarootdir}/info'
install_sh='${SHELL} /Users/youhua/Downloads/gdb-7.6.2/install-sh'
libdir='${exec_prefix}/lib'
libexecdir='${exec_prefix}/libexec'
localedir='${datarootdir}/locale'
localstatedir='${prefix}/var'
mandir='${datarootdir}/man'
mkdir_p='$(top_builddir)/./../install-sh -c -d'
oldincludedir='/usr/include'
pdfdir='${docdir}'
prefix='/usr/local'
program_transform_name='s,y,y,'
psdir='${docdir}'
sbindir='${exec_prefix}/sbin'
sharedstatedir='${prefix}/com'
sysconfdir='${prefix}/etc'
target='x86_64-apple-darwin13.0.0'
target_alias='x86_64-apple-darwin13.0.0'
target_cpu='x86_64'
target_noncanonical='x86_64-apple-darwin13.0.0'
target_os='darwin13.0.0'
target_vendor='apple'

## ----------- ##
## confdefs.h. ##
## ----------- ##

/* confdefs.h */
#define PACKAGE_NAME ""
#define PACKAGE_TARNAME ""
#define PACKAGE_VERSION ""
#define PACKAGE_STRING ""
#define PACKAGE_BUGREPORT ""
#define PACKAGE_URL ""
#define PACKAGE "opcodes"
#define VERSION "2.23.52"
#define STDC_HEADERS 1
#define HAVE_SYS_TYPES_H 1
#define HAVE_SYS_STAT_H 1
#define HAVE_STDLIB_H 1
#define HAVE_STRING_H 1
#define HAVE_MEMORY_H 1
#define HAVE_STRINGS_H 1
#define HAVE_INTTYPES_H 1
#define HAVE_STDINT_H 1
#define HAVE_UNISTD_H 1
#define __EXTENSIONS__ 1
#define _ALL_SOURCE 1
#define _GNU_SOURCE 1
#define _POSIX_PTHREAD_SEMANTICS 1
#define _TANDEM_SOURCE 1
#define HAVE_DLFCN_H 1
#define LT_OBJDIR ".libs/"
#define ENABLE_NLS 1
#define HAVE_STRING_H 1
#define HAVE_STRINGS_H 1
#define HAVE_STDLIB_H 1
#define HAVE_LIMITS_H 1
#define STRING_WITH_STRINGS 1
#define HAVE_DECL_BASENAME 0
#define HAVE_DECL_STPCPY 1

configure: exit 0
