This file contains any messages produced by compilers while
running configure, to aid debugging if configure makes a mistake.

It was created by configure, which was
generated by GNU Autoconf 2.64.  Invocation command line was

  $ /Users/youhua/Downloads/gdb-7.6.2/gdb/configure --cache-file=./config.cache --with-system-zlib --program-transform-name=s,y,y, --disable-option-checking --build=x86_64-apple-darwin13.0.0 --host=x86_64-apple-darwin13.0.0 --target=x86_64-apple-darwin13.0.0 --srcdir=.././gdb

## --------- ##
## Platform. ##
## --------- ##

hostname = YouHuatekiMacBook-Pro.local
uname -m = x86_64
uname -r = 13.0.0
uname -s = Darwin
uname -v = Darwin Kernel Version 13.0.0: Thu Sep 19 22:22:27 PDT 2013; root:xnu-2422.1.72~6/RELEASE_X86_64

/usr/bin/uname -p = i386
/bin/uname -X     = unknown

/bin/arch              = unknown
/usr/bin/arch -k       = unknown
/usr/convex/getsysinfo = unknown
/usr/bin/hostinfo      = Mach kernel version:
	 Darwin Kernel Version 13.0.0: Thu Sep 19 22:22:27 PDT 2013; root:xnu-2422.1.72~6/RELEASE_X86_64
Kernel configured for up to 8 processors.
4 processors are physically available.
8 processors are logically available.
Processor type: i486 (Intel 80486)
Processors active: 0 1 2 3 4 5 6 7
Primary memory available: 16.00 gigabytes
Default processor set: 188 tasks, 892 threads, 8 processors
Load average: 3.12, Mach factor: 4.87
/bin/machine           = unknown
/usr/bin/oslevel       = unknown
/bin/universe          = unknown

PATH: /Users/youhua/.rvm/gems/ruby-2.1.0/bin
PATH: /Users/youhua/.rvm/gems/ruby-2.1.0@global/bin
PATH: /Users/youhua/.rvm/rubies/ruby-2.1.0/bin
PATH: /usr/bin
PATH: /bin
PATH: /usr/sbin
PATH: /sbin
PATH: /usr/local/bin
PATH: /Users/youhua/.rvm/bin


## ----------- ##
## Core tests. ##
## ----------- ##

configure:2586: loading cache ./config.cache
configure:2673: checking whether to enable maintainer-specific portions of Makefiles
configure:2682: result: no
configure:2709: checking for x86_64-apple-darwin13.0.0-gcc
configure:2736: result: gcc
configure:3005: checking for C compiler version
configure:3014: gcc --version >&5
Apple LLVM version 5.0 (clang-500.2.79) (based on LLVM 3.3svn)
Target: x86_64-apple-darwin13.0.0
Thread model: posix
Configured with: --prefix=/Applications/Xcode.app/Contents/Developer/usr --with-gxx-include-dir=/usr/include/c++/4.2.1
configure:3025: $? = 0
configure:3014: gcc -v >&5
Configured with: --prefix=/Applications/Xcode.app/Contents/Developer/usr --with-gxx-include-dir=/usr/include/c++/4.2.1
Apple LLVM version 5.0 (clang-500.2.79) (based on LLVM 3.3svn)
Target: x86_64-apple-darwin13.0.0
Thread model: posix
configure:3025: $? = 0
configure:3014: gcc -V >&5
clang: error: argument to '-V' is missing (expected 1 value)
clang: error: no input files
configure:3025: $? = 1
configure:3014: gcc -qversion >&5
clang: error: no input files
configure:3025: $? = 1
configure:3045: checking for C compiler default output file name
configure:3067: gcc -g -O2    conftest.c  >&5
configure:3071: $? = 0
configure:3108: result: a.out
configure:3124: checking whether the C compiler works
configure:3133: ./a.out
configure:3137: $? = 0
configure:3152: result: yes
configure:3159: checking whether we are cross compiling
configure:3161: result: no
configure:3164: checking for suffix of executables
configure:3171: gcc -o conftest -g -O2    conftest.c  >&5
configure:3175: $? = 0
configure:3197: result: 
configure:3203: checking for suffix of object files
configure:3250: result: o
configure:3254: checking whether we are using the GNU C compiler
configure:3282: result: yes
configure:3291: checking whether gcc accepts -g
configure:3352: result: yes
configure:3369: checking for gcc option to accept ISO C89
configure:3446: result: none needed
configure:3472: checking how to run the C preprocessor
configure:3542: result: gcc -E
configure:3562: gcc -E  conftest.c
configure:3562: $? = 0
configure:3576: gcc -E  conftest.c
conftest.c:9:10: fatal error: 'ac_nonexistent.h' file not found
#include <ac_nonexistent.h>
         ^
1 error generated.
configure:3576: $? = 1
configure: failed program was:
| /* confdefs.h */
| #define PACKAGE_NAME ""
| #define PACKAGE_TARNAME ""
| #define PACKAGE_VERSION ""
| #define PACKAGE_STRING ""
| #define PACKAGE_BUGREPORT ""
| #define PACKAGE_URL ""
| /* end confdefs.h.  */
| #include <ac_nonexistent.h>
configure:3605: checking for grep that handles long lines and -e
configure:3663: result: /usr/bin/grep
configure:3668: checking for egrep
configure:3730: result: /usr/bin/grep -E
configure:3735: checking for ANSI C header files
configure:3839: result: yes
configure:3852: checking for sys/types.h
configure:3852: result: yes
configure:3852: checking for sys/stat.h
configure:3852: result: yes
configure:3852: checking for stdlib.h
configure:3852: result: yes
configure:3852: checking for string.h
configure:3852: result: yes
configure:3852: checking for memory.h
configure:3852: result: yes
configure:3852: checking for strings.h
configure:3852: result: yes
configure:3852: checking for inttypes.h
configure:3852: result: yes
configure:3852: checking for stdint.h
configure:3852: result: yes
configure:3852: checking for unistd.h
configure:3852: result: yes
configure:3866: checking for minix/config.h
configure:3866: result: no
configure:3887: checking whether it is safe to define __EXTENSIONS__
configure:3912: result: yes
configure:3953: checking build system type
configure:3967: result: x86_64-apple-darwin13.0.0
configure:3987: checking host system type
configure:4000: result: x86_64-apple-darwin13.0.0
configure:4020: checking target system type
configure:4033: result: x86_64-apple-darwin13.0.0
configure:4102: checking for special C compiler options needed for large files
configure:4147: result: no
configure:4153: checking for _FILE_OFFSET_BITS value needed for large files
configure:4210: result: no
configure:4297: checking for gcc option to accept ANSI C
configure:4365: result: none needed
configure:4430: checking dependency style of gcc
configure:4515: result: gcc3
configure:4529: checking for make
configure:4556: result: /Applications/Xcode.app/Contents/Developer/usr/bin/make
configure:4581: checking whether /Applications/Xcode.app/Contents/Developer/usr/bin/make sets $(MAKE)
configure:4603: result: yes
configure:4682: === configuring in build-gnulib (/Users/youhua/Downloads/gdb-7.6.2/gdb/build-gnulib)
configure:4704: running /bin/sh .././gnulib/configure --disable-option-checking '--prefix=NONE'  '--with-system-zlib' '--program-transform-name=s,y,y,' '--build=x86_64-apple-darwin13.0.0' '--host=x86_64-apple-darwin13.0.0' '--target=x86_64-apple-darwin13.0.0' 'build_alias=x86_64-apple-darwin13.0.0' 'host_alias=x86_64-apple-darwin13.0.0' 'target_alias=x86_64-apple-darwin13.0.0' 'CC=gcc' 'CFLAGS=-g -O2' 'LDFLAGS= ' 'MAKEINFO=makeinfo --split-size=5000000' 'YACC=bison -y' --cache-file=./config.cache --srcdir=.././gnulib
configure:4738: checking whether NLS is requested
configure:4744: result: yes
configure:4750: checking for catalogs to be installed
configure:4782: result: 
configure:4829: checking whether makeinfo --split-size=5000000 supports @click
configure:4841: result: no
configure:4981: checking for default auto-load directory
configure:5003: result: $debugdir:$datadir/auto-load
configure:5006: checking for default auto-load safe-path
configure:5030: result: $debugdir:$datadir/auto-load
configure:5316: checking for libunwind-ia64.h
configure:5316: result: no
configure:5384: checking for monstartup
configure:5384: result: yes
configure:5384: checking for _mcleanup
configure:5384: result: no
configure:5394: checking for _etext
configure:5420: result: no
configure:5427: checking for etext
configure:5453: result: no
configure:5565: checking for gawk
configure:5592: result: awk
configure:5617: checking for a BSD-compatible install
configure:5685: result: /usr/bin/install -c
configure:5696: checking whether ln -s works
configure:5700: result: yes
configure:5710: checking for x86_64-apple-darwin13.0.0-ranlib
configure:5737: result: ranlib
configure:5803: checking for bison
configure:5830: result: bison -y
configure:5846: checking for x86_64-apple-darwin13.0.0-ar
configure:5873: result: ar
configure:5938: checking for x86_64-apple-darwin13.0.0-dlltool
configure:5965: result: dlltool
configure:6030: checking for x86_64-apple-darwin13.0.0-windres
configure:6057: result: windres
configure:6124: checking for x86_64-apple-darwin13.0.0-mig
configure:6154: result: no
configure:6164: checking for mig
configure:6191: result: mig
configure:6219: checking for main in -lm
configure:6247: result: yes
configure:6263: checking for wctype
configure:6263: result: yes
configure:6316: checking for library containing gethostbyname
configure:6364: result: none required
configure:6374: checking for library containing socketpair
configure:6422: result: none required
configure:6444: checking for library containing zlibVersion
configure:6492: result: -lz
configure:6499: checking for zlib.h
configure:6499: result: yes
configure:6518: checking for library containing dlgetmodinfo
configure:6566: result: no
configure:6592: checking for iconv
configure:6699: result: yes
configure:6723: checking for iconv declaration
configure:6763: result: install-shextern size_t iconv (iconv_t cd, char * *inbuf, size_t *inbytesleft, char * *outbuf, size_t *outbytesleft);
configure:6866: checking for library containing waddstr
configure:6914: result: -lncurses
configure:6968: checking for library containing tgetent
configure:7016: result: none required
configure:7061: checking size of unsigned long long
configure:7081: result: 8
configure:7095: checking size of unsigned long
configure:7115: result: 8
configure:7129: checking size of unsigned __int128
configure:7149: result: 16
configure:7174: checking for library containing dlopen
configure:7222: result: none required
configure:7286: checking whether to use expat
configure:7288: result: auto
configure:7336: checking for ld used by GCC
configure:7399: result: /Applications/Xcode.app/Contents/Developer/Toolchains/XcodeDefault.xctoolchain/usr/bin/ld
configure:7406: checking if the linker (/Applications/Xcode.app/Contents/Developer/Toolchains/XcodeDefault.xctoolchain/usr/bin/ld) is GNU ld
configure:7418: result: no
configure:7424: checking for shared library run path origin
configure:7437: result: done
configure:7864: checking for libexpat
configure:7893: result: yes
configure:7900: checking how to link with libexpat
configure:7902: result: -lexpat
configure:7928: checking for XML_StopParser
configure:7928: result: yes
configure:7953: checking whether to use python
configure:7955: result: auto
configure:8004: checking for python
configure:8035: result: /usr/bin/python
configure:8173: checking for python2.7
configure:8191: gcc -o conftest -g -O2   -I/System/Library/Frameworks/Python.framework/Versions/2.7/include/python2.7 -I/System/Library/Frameworks/Python.framework/Versions/2.7/include/python2.7   conftest.c -lncurses -lz -lm   -liconv -L/System/Library/Frameworks/Python.framework/Versions/2.7/lib/python2.7/config -ldl -framework CoreFoundation -lpython2.7 -u _PyMac_Error /System/Library/Frameworks/Python.framework/Versions/2.7/Python >&5
configure:8191: $? = 0
configure:8201: result: yes
configure:8448: checking compiler flags for python code
configure:8465: gcc -c -g -O2 -fno-strict-aliasing   conftest.c >&5
configure:8465: $? = 0
configure:8465: gcc -c -g -O2 -DNDEBUG   conftest.c >&5
configure:8465: $? = 0
configure:8465: gcc -c -g -O2 -fwrapv   conftest.c >&5
configure:8465: $? = 0
configure:8471: result:  -fno-strict-aliasing -DNDEBUG -fwrapv
configure:8507: checking whether python supports threads
configure:8522: gcc -E -I/System/Library/Frameworks/Python.framework/Versions/2.7/include/python2.7 -I/System/Library/Frameworks/Python.framework/Versions/2.7/include/python2.7 conftest.c
conftest.c:56:3: error: 
# error
  ^
1 error generated.
configure:8522: $? = 1
configure: failed program was:
| /* confdefs.h */
| #define PACKAGE_NAME ""
| #define PACKAGE_TARNAME ""
| #define PACKAGE_VERSION ""
| #define PACKAGE_STRING ""
| #define PACKAGE_BUGREPORT ""
| #define PACKAGE_URL ""
| #define STDC_HEADERS 1
| #define HAVE_SYS_TYPES_H 1
| #define HAVE_SYS_STAT_H 1
| #define HAVE_STDLIB_H 1
| #define HAVE_STRING_H 1
| #define HAVE_MEMORY_H 1
| #define HAVE_STRINGS_H 1
| #define HAVE_INTTYPES_H 1
| #define HAVE_STDINT_H 1
| #define HAVE_UNISTD_H 1
| #define __EXTENSIONS__ 1
| #define _ALL_SOURCE 1
| #define _GNU_SOURCE 1
| #define _POSIX_PTHREAD_SEMANTICS 1
| #define _TANDEM_SOURCE 1
| #define ENABLE_NLS 1
| #define PACKAGE "gdb"
| #define DEBUGDIR "/usr/local/lib/debug"
| #define DEBUGDIR_RELOCATABLE 1
| #define BINDIR "/usr/local/bin"
| #define GDB_DATADIR "/usr/local/share/gdb"
| #define GDB_DATADIR_RELOCATABLE 1
| #define AUTO_LOAD_DIR ":${prefix}/share/auto-load"
| #define AUTO_LOAD_SAFE_PATH ":${prefix}/share/auto-load"
| #define DEFAULT_BFD_ARCH bfd_i386_arch
| #define DEFAULT_BFD_VEC mach_o_x86_64_vec
| #define HAVE_MONSTARTUP 1
| #define PKGVERSION "(GDB) "
| #define REPORT_BUGS_TO "<http://www.gnu.org/software/gdb/bugs/>"
| #define HAVE_LIBM 1
| #define HAVE_ZLIB_H 1
| #define HAVE_ICONV 1
| #define ICONV_CONST 
| #define SIZEOF_UNSIGNED_LONG_LONG 8
| #define SIZEOF_UNSIGNED_LONG 8
| #define SIZEOF_UNSIGNED___INT128 16
| #define JIT_READER_DIR "/usr/local/lib/gdb"
| #define JIT_READER_DIR_RELOCATABLE 1
| #define HAVE_LIBEXPAT 1
| #define HAVE_XML_STOPPARSER 1
| #define HAVE_LIBPYTHON2_7 1
| #define WITH_PYTHON_PATH "/System/Library/Frameworks/Python.framework/Versions/2.7"
| #define PYTHON_PATH_RELOCATABLE 0
| #define HAVE_PYTHON 1
| /* end confdefs.h.  */
| 
| #include <Python.h>
| #ifdef WITH_THREAD
| # error
| #endif
| 
configure:8528: result: yes
configure:8619: checking for dirent.h that defines DIR
configure:8646: result: yes
configure:8660: checking for library containing opendir
configure:8708: result: none required
configure:8775: checking for ANSI C header files
configure:8879: result: yes
configure:8899: checking for nlist.h
configure:8899: result: yes
configure:8899: checking for machine/reg.h
configure:8899: result: no
configure:8899: checking for poll.h
configure:8899: result: yes
configure:8899: checking for sys/poll.h
configure:8899: result: yes
configure:8899: checking for proc_service.h
configure:8899: result: no
configure:8899: checking for thread_db.h
configure:8899: result: no
configure:8899: checking for signal.h
configure:8899: result: yes
configure:8899: checking for stddef.h
configure:8899: result: yes
configure:8899: checking for stdlib.h
configure:8899: result: yes
configure:8899: checking for string.h
configure:8899: result: yes
configure:8899: checking for memory.h
configure:8899: result: yes
configure:8899: checking for strings.h
configure:8899: result: yes
configure:8899: checking for sys/fault.h
configure:8899: result: no
configure:8899: checking for sys/file.h
configure:8899: result: yes
configure:8899: checking for sys/filio.h
configure:8899: result: yes
configure:8899: checking for sys/ioctl.h
configure:8899: result: yes
configure:8899: checking for sys/param.h
configure:8899: result: yes
configure:8899: checking for sys/resource.h
configure:8899: result: yes
configure:8899: checking for sys/procfs.h
configure:8899: result: no
configure:8899: checking for sys/ptrace.h
configure:8899: result: yes
configure:8899: checking for ptrace.h
configure:8899: result: no
configure:8899: checking for sys/reg.h
configure:8899: result: no
configure:8899: checking for sys/debugreg.h
configure:8899: result: no
configure:8899: checking for sys/select.h
configure:8899: result: yes
configure:8899: checking for sys/syscall.h
configure:8899: result: yes
configure:8899: checking for sys/types.h
configure:8899: result: yes
configure:8899: checking for sys/wait.h
configure:8899: result: yes
configure:8899: checking for wait.h
configure:8899: result: no
configure:8899: checking for termios.h
configure:8899: result: yes
configure:8899: checking for termio.h
configure:8899: result: no
configure:8899: checking for sgtty.h
configure:8899: result: yes
configure:8899: checking for unistd.h
configure:8899: result: yes
configure:8899: checking for elf_hp.h
configure:8899: result: no
configure:8899: checking for locale.h
configure:8899: result: yes
configure:8899: checking for dlfcn.h
configure:8899: result: yes
configure:8899: checking for sys/socket.h
configure:8899: result: yes
configure:8899: checking for sys/un.h
configure:8899: result: yes
configure:8899: checking for linux/perf_event.h
configure:8899: result: no
configure:8912: checking for link.h
configure:8912: result: no
configure:8931: checking for sys/proc.h
configure:8931: result: no
configure:8947: checking for sys/user.h
configure:8947: result: yes
configure:8976: checking for curses.h
configure:8976: result: yes
configure:8976: checking for cursesX.h
configure:8976: result: no
configure:8976: checking for ncurses.h
configure:8976: result: yes
configure:8976: checking for ncurses/ncurses.h
configure:8976: result: no
configure:8976: checking for ncurses/term.h
configure:8976: result: no
configure:8989: checking for term.h
configure:8989: result: yes
configure:9008: checking whether free is declared
configure:9008: result: yes
configure:9018: checking whether malloc is declared
configure:9018: result: yes
configure:9028: checking whether realloc is declared
configure:9028: result: yes
configure:9038: checking whether strerror is declared
configure:9038: result: yes
configure:9048: checking whether strstr is declared
configure:9048: result: yes
configure:9058: checking whether getopt is declared
configure:9058: result: yes
configure:9068: checking whether snprintf is declared
configure:9068: result: yes
configure:9078: checking whether vsnprintf is declared
configure:9078: result: yes
configure:9090: checking for LC_MESSAGES
configure:9114: result: yes
configure:9127: checking for struct stat.st_blocks
configure:9127: result: yes
configure:9136: checking for struct stat.st_blksize
configure:9136: result: yes
configure:9151: checking return type of signal handlers
configure:9176: result: void
configure:9184: checking for socklen_t
configure:9184: result: yes
configure:9202: checking for an ANSI C-conforming const
configure:9274: result: yes
configure:9282: checking for inline
configure:9306: result: inline
configure:9324: checking whether byte ordering is bigendian
configure:9530: result: no
configure:9555: checking for working alloca.h
configure:9580: result: yes
configure:9588: checking for alloca
configure:9633: result: yes
configure:9746: checking for stdlib.h
configure:9746: result: yes
configure:9746: checking for unistd.h
configure:9746: result: yes
configure:9759: checking for getpagesize
configure:9759: result: yes
configure:9768: checking for working mmap
configure:9915: result: yes
configure:9924: checking for pid_t
configure:9924: result: yes
configure:9937: checking for vfork.h
configure:9937: result: no
configure:9950: checking for fork
configure:9950: result: yes
configure:9950: checking for vfork
configure:9950: result: yes
configure:9961: checking for working fork
configure:9993: result: yes
configure:10014: checking for working vfork
configure:10124: result: yes
configure:10157: checking for canonicalize_file_name
configure:10157: result: no
configure:10157: checking for realpath
configure:10157: result: yes
configure:10157: checking for getrusage
configure:10157: result: yes
configure:10157: checking for getuid
configure:10157: result: yes
configure:10157: checking for getgid
configure:10157: result: yes
configure:10157: checking for pipe
configure:10157: result: yes
configure:10157: checking for poll
configure:10157: result: yes
configure:10157: checking for pread
configure:10157: result: yes
configure:10157: checking for pread64
configure:10157: result: no
configure:10157: checking for pwrite
configure:10157: result: yes
configure:10157: checking for readlink
configure:10157: result: yes
configure:10157: checking for resize_term
configure:10157: result: yes
configure:10157: checking for sbrk
configure:10157: result: yes
configure:10157: checking for setpgid
configure:10157: result: yes
configure:10157: checking for setpgrp
configure:10157: result: yes
configure:10157: checking for setsid
configure:10157: result: yes
configure:10157: checking for sigaction
configure:10157: result: yes
configure:10157: checking for sigprocmask
configure:10157: result: yes
configure:10157: checking for sigsetmask
configure:10157: result: yes
configure:10157: checking for socketpair
configure:10157: result: yes
configure:10157: checking for syscall
configure:10157: result: yes
configure:10157: checking for ttrace
configure:10157: result: no
configure:10157: checking for wborder
configure:10157: result: yes
configure:10157: checking for wresize
configure:10157: result: yes
configure:10157: checking for setlocale
configure:10157: result: yes
configure:10157: checking for iconvlist
configure:10157: result: yes
configure:10157: checking for libiconvlist
configure:10157: result: no
configure:10157: checking for btowc
configure:10157: result: yes
configure:10157: checking for setrlimit
configure:10157: result: yes
configure:10157: checking for getrlimit
configure:10157: result: yes
configure:10157: checking for posix_madvise
configure:10157: result: yes
configure:10157: checking for waitpid
configure:10157: result: yes
configure:10157: checking for lstat
configure:10157: result: yes
configure:10168: checking for nl_langinfo and CODESET
configure:10193: result: yes
configure:10216: checking whether ptrace is declared
configure:10216: result: yes
configure:10238: checking return type of ptrace
configure:10277: result: int
configure:10285: checking types of arguments for ptrace
configure:10361: result: int,pid_t,caddr_t,int
configure:10381: checking whether setpgrp takes no argument
configure:10413: result: yes
configure:10462: checking for sigsetjmp
configure:10487: result: yes
configure:10500: checking for GNU regex
configure:10526: result: no
configure:10547: checking for struct thread.td_pcb
configure:10547: result: no
configure:10562: checking for struct lwp
configure:10586: result: no
configure:10595: checking for struct reg in machine/reg.h
configure:10619: result: no
configure:10629: checking for struct reg.r_fs
configure:10629: result: no
configure:10639: checking for struct reg.r_gs
configure:10639: result: no
configure:10654: checking for struct user_regs_struct.fs_base
configure:10654: result: no
configure:10664: checking for struct user_regs_struct.gs_base
configure:10664: result: no
configure:10677: checking for PTRACE_GETREGS
configure:10701: result: no
configure:10710: checking for PTRACE_GETFPXREGS
configure:10734: result: no
configure:10743: checking for PT_GETDBREGS
configure:10768: result: no
configure:10777: checking for PT_GETXMMREGS
configure:10802: result: no
configure:11437: checking for member l_addr in struct link_map
configure:11461: result: no
configure:11470: checking for member lm_addr in struct link_map
configure:11495: result: no
configure:11504: checking for member som_addr in struct so_map
configure:11532: result: no
configure:11541: checking for struct link_map32 in sys/link.h
configure:11566: result: no
configure:11580: checking for long long support in compiler
configure:11603: result: yes
configure:11612: checking for long long support in printf
configure:11648: result: yes
configure:11658: checking for decfloat support in printf
configure:11692: result: no
configure:11705: checking for long double support in compiler
configure:11721: result: yes
configure:11731: checking for long double support in printf
configure:11763: result: yes
configure:11773: checking for long double support in scanf
configure:11805: result: yes
configure:11856: checking for the dynamic export flag
configure:11911: gcc -o conftest -g -O2  -fno-strict-aliasing -DNDEBUG -fwrapv     -Wl,--dynamic-list=./proc-service.list conftest.c -lncurses -lz -lm   -liconv -L/System/Library/Frameworks/Python.framework/Versions/2.7/lib/python2.7/config -ldl -framework CoreFoundation -lpython2.7 -u _PyMac_Error /System/Library/Frameworks/Python.framework/Versions/2.7/Python >&5
ld: unknown option: --dynamic-list=./proc-service.list
clang: error: linker command failed with exit code 1 (use -v to see invocation)
configure:11911: $? = 1
configure: program exited with status 1
configure: failed program was:
| /* confdefs.h */
| #define PACKAGE_NAME ""
| #define PACKAGE_TARNAME ""
| #define PACKAGE_VERSION ""
| #define PACKAGE_STRING ""
| #define PACKAGE_BUGREPORT ""
| #define PACKAGE_URL ""
| #define STDC_HEADERS 1
| #define HAVE_SYS_TYPES_H 1
| #define HAVE_SYS_STAT_H 1
| #define HAVE_STDLIB_H 1
| #define HAVE_STRING_H 1
| #define HAVE_MEMORY_H 1
| #define HAVE_STRINGS_H 1
| #define HAVE_INTTYPES_H 1
| #define HAVE_STDINT_H 1
| #define HAVE_UNISTD_H 1
| #define __EXTENSIONS__ 1
| #define _ALL_SOURCE 1
| #define _GNU_SOURCE 1
| #define _POSIX_PTHREAD_SEMANTICS 1
| #define _TANDEM_SOURCE 1
| #define ENABLE_NLS 1
| #define PACKAGE "gdb"
| #define DEBUGDIR "/usr/local/lib/debug"
| #define DEBUGDIR_RELOCATABLE 1
| #define BINDIR "/usr/local/bin"
| #define GDB_DATADIR "/usr/local/share/gdb"
| #define GDB_DATADIR_RELOCATABLE 1
| #define AUTO_LOAD_DIR ":${prefix}/share/auto-load"
| #define AUTO_LOAD_SAFE_PATH ":${prefix}/share/auto-load"
| #define DEFAULT_BFD_ARCH bfd_i386_arch
| #define DEFAULT_BFD_VEC mach_o_x86_64_vec
| #define HAVE_MONSTARTUP 1
| #define PKGVERSION "(GDB) "
| #define REPORT_BUGS_TO "<http://www.gnu.org/software/gdb/bugs/>"
| #define HAVE_LIBM 1
| #define HAVE_ZLIB_H 1
| #define HAVE_ICONV 1
| #define ICONV_CONST 
| #define SIZEOF_UNSIGNED_LONG_LONG 8
| #define SIZEOF_UNSIGNED_LONG 8
| #define SIZEOF_UNSIGNED___INT128 16
| #define JIT_READER_DIR "/usr/local/lib/gdb"
| #define JIT_READER_DIR_RELOCATABLE 1
| #define HAVE_LIBEXPAT 1
| #define HAVE_XML_STOPPARSER 1
| #define HAVE_LIBPYTHON2_7 1
| #define WITH_PYTHON_PATH "/System/Library/Frameworks/Python.framework/Versions/2.7"
| #define PYTHON_PATH_RELOCATABLE 0
| #define HAVE_PYTHON 1
| #define HAVE_DIRENT_H 1
| #define STDC_HEADERS 1
| #define HAVE_NLIST_H 1
| #define HAVE_POLL_H 1
| #define HAVE_SYS_POLL_H 1
| #define HAVE_SIGNAL_H 1
| #define HAVE_STDDEF_H 1
| #define HAVE_STDLIB_H 1
| #define HAVE_STRING_H 1
| #define HAVE_MEMORY_H 1
| #define HAVE_STRINGS_H 1
| #define HAVE_SYS_FILE_H 1
| #define HAVE_SYS_FILIO_H 1
| #define HAVE_SYS_IOCTL_H 1
| #define HAVE_SYS_PARAM_H 1
| #define HAVE_SYS_RESOURCE_H 1
| #define HAVE_SYS_PTRACE_H 1
| #define HAVE_SYS_SELECT_H 1
| #define HAVE_SYS_SYSCALL_H 1
| #define HAVE_SYS_TYPES_H 1
| #define HAVE_SYS_WAIT_H 1
| #define HAVE_TERMIOS_H 1
| #define HAVE_SGTTY_H 1
| #define HAVE_UNISTD_H 1
| #define HAVE_LOCALE_H 1
| #define HAVE_DLFCN_H 1
| #define HAVE_SYS_SOCKET_H 1
| #define HAVE_SYS_UN_H 1
| #define HAVE_SYS_USER_H 1
| #define HAVE_CURSES_H 1
| #define HAVE_NCURSES_H 1
| #define HAVE_TERM_H 1
| #define HAVE_DECL_FREE 1
| #define HAVE_DECL_MALLOC 1
| #define HAVE_DECL_REALLOC 1
| #define HAVE_DECL_STRERROR 1
| #define HAVE_DECL_STRSTR 1
| #define HAVE_DECL_GETOPT 1
| #define HAVE_DECL_SNPRINTF 1
| #define HAVE_DECL_VSNPRINTF 1
| #define HAVE_LC_MESSAGES 1
| #define HAVE_STRUCT_STAT_ST_BLOCKS 1
| #define HAVE_STRUCT_STAT_ST_BLKSIZE 1
| #define RETSIGTYPE void
| #define HAVE_SOCKLEN_T 1
| #define HAVE_ALLOCA_H 1
| #define HAVE_ALLOCA 1
| #define HAVE_STDLIB_H 1
| #define HAVE_UNISTD_H 1
| #define HAVE_GETPAGESIZE 1
| #define HAVE_MMAP 1
| #define HAVE_FORK 1
| #define HAVE_VFORK 1
| #define HAVE_WORKING_VFORK 1
| #define HAVE_WORKING_FORK 1
| #define HAVE_REALPATH 1
| #define HAVE_GETRUSAGE 1
| #define HAVE_GETUID 1
| #define HAVE_GETGID 1
| #define HAVE_PIPE 1
| #define HAVE_POLL 1
| #define HAVE_PREAD 1
| #define HAVE_PWRITE 1
| #define HAVE_READLINK 1
| #define HAVE_RESIZE_TERM 1
| #define HAVE_SBRK 1
| #define HAVE_SETPGID 1
| #define HAVE_SETPGRP 1
| #define HAVE_SETSID 1
| #define HAVE_SIGACTION 1
| #define HAVE_SIGPROCMASK 1
| #define HAVE_SIGSETMASK 1
| #define HAVE_SOCKETPAIR 1
| #define HAVE_SYSCALL 1
| #define HAVE_WBORDER 1
| #define HAVE_WRESIZE 1
| #define HAVE_SETLOCALE 1
| #define HAVE_ICONVLIST 1
| #define HAVE_BTOWC 1
| #define HAVE_SETRLIMIT 1
| #define HAVE_GETRLIMIT 1
| #define HAVE_POSIX_MADVISE 1
| #define HAVE_WAITPID 1
| #define HAVE_LSTAT 1
| #define HAVE_LANGINFO_CODESET 1
| #define HAVE_DECL_PTRACE 1
| #define PTRACE_TYPE_RET int
| #define PTRACE_TYPE_ARG3 caddr_t
| #define SETPGRP_VOID 1
| #define HAVE_SIGSETJMP 1
| #define USE_INCLUDED_REGEX 1
| #define PRINTF_HAS_LONG_LONG 1
| #define HAVE_LONG_DOUBLE 1
| #define PRINTF_HAS_LONG_DOUBLE 1
| #define SCANF_HAS_LONG_DOUBLE 1
| /* end confdefs.h.  */
| #include "python2.7/Python.h"
| int
| main ()
| {
| int err;
|           Py_Initialize ();
|           err = PyRun_SimpleString ("import itertools\n");
|           Py_Finalize ();
|           return err == 0 ? 0 : 1;
|   ;
|   return 0;
| }
configure:11931: result: -rdynamic
configure:12197: checking whether <sys/syscall.h> has __NR_tkill
configure:12222: result: no
configure:12231: checking whether ADDR_NO_RANDOMIZE is declared
configure:12231: result: no
configure:12289: gcc -o conftest -g -O2     conftest.c -lncurses -lz -lm   -liconv >&5
conftest.c:149:10: fatal error: 'sys/personality.h' file not found
#include <sys/personality.h>
         ^
1 error generated.
configure:12289: $? = 1
configure: program exited with status 1
configure: failed program was:
| /* confdefs.h */
| #define PACKAGE_NAME ""
| #define PACKAGE_TARNAME ""
| #define PACKAGE_VERSION ""
| #define PACKAGE_STRING ""
| #define PACKAGE_BUGREPORT ""
| #define PACKAGE_URL ""
| #define STDC_HEADERS 1
| #define HAVE_SYS_TYPES_H 1
| #define HAVE_SYS_STAT_H 1
| #define HAVE_STDLIB_H 1
| #define HAVE_STRING_H 1
| #define HAVE_MEMORY_H 1
| #define HAVE_STRINGS_H 1
| #define HAVE_INTTYPES_H 1
| #define HAVE_STDINT_H 1
| #define HAVE_UNISTD_H 1
| #define __EXTENSIONS__ 1
| #define _ALL_SOURCE 1
| #define _GNU_SOURCE 1
| #define _POSIX_PTHREAD_SEMANTICS 1
| #define _TANDEM_SOURCE 1
| #define ENABLE_NLS 1
| #define PACKAGE "gdb"
| #define DEBUGDIR "/usr/local/lib/debug"
| #define DEBUGDIR_RELOCATABLE 1
| #define BINDIR "/usr/local/bin"
| #define GDB_DATADIR "/usr/local/share/gdb"
| #define GDB_DATADIR_RELOCATABLE 1
| #define AUTO_LOAD_DIR ":${prefix}/share/auto-load"
| #define AUTO_LOAD_SAFE_PATH ":${prefix}/share/auto-load"
| #define DEFAULT_BFD_ARCH bfd_i386_arch
| #define DEFAULT_BFD_VEC mach_o_x86_64_vec
| #define HAVE_MONSTARTUP 1
| #define PKGVERSION "(GDB) "
| #define REPORT_BUGS_TO "<http://www.gnu.org/software/gdb/bugs/>"
| #define HAVE_LIBM 1
| #define HAVE_ZLIB_H 1
| #define HAVE_ICONV 1
| #define ICONV_CONST 
| #define SIZEOF_UNSIGNED_LONG_LONG 8
| #define SIZEOF_UNSIGNED_LONG 8
| #define SIZEOF_UNSIGNED___INT128 16
| #define JIT_READER_DIR "/usr/local/lib/gdb"
| #define JIT_READER_DIR_RELOCATABLE 1
| #define HAVE_LIBEXPAT 1
| #define HAVE_XML_STOPPARSER 1
| #define HAVE_LIBPYTHON2_7 1
| #define WITH_PYTHON_PATH "/System/Library/Frameworks/Python.framework/Versions/2.7"
| #define PYTHON_PATH_RELOCATABLE 0
| #define HAVE_PYTHON 1
| #define HAVE_DIRENT_H 1
| #define STDC_HEADERS 1
| #define HAVE_NLIST_H 1
| #define HAVE_POLL_H 1
| #define HAVE_SYS_POLL_H 1
| #define HAVE_SIGNAL_H 1
| #define HAVE_STDDEF_H 1
| #define HAVE_STDLIB_H 1
| #define HAVE_STRING_H 1
| #define HAVE_MEMORY_H 1
| #define HAVE_STRINGS_H 1
| #define HAVE_SYS_FILE_H 1
| #define HAVE_SYS_FILIO_H 1
| #define HAVE_SYS_IOCTL_H 1
| #define HAVE_SYS_PARAM_H 1
| #define HAVE_SYS_RESOURCE_H 1
| #define HAVE_SYS_PTRACE_H 1
| #define HAVE_SYS_SELECT_H 1
| #define HAVE_SYS_SYSCALL_H 1
| #define HAVE_SYS_TYPES_H 1
| #define HAVE_SYS_WAIT_H 1
| #define HAVE_TERMIOS_H 1
| #define HAVE_SGTTY_H 1
| #define HAVE_UNISTD_H 1
| #define HAVE_LOCALE_H 1
| #define HAVE_DLFCN_H 1
| #define HAVE_SYS_SOCKET_H 1
| #define HAVE_SYS_UN_H 1
| #define HAVE_SYS_USER_H 1
| #define HAVE_CURSES_H 1
| #define HAVE_NCURSES_H 1
| #define HAVE_TERM_H 1
| #define HAVE_DECL_FREE 1
| #define HAVE_DECL_MALLOC 1
| #define HAVE_DECL_REALLOC 1
| #define HAVE_DECL_STRERROR 1
| #define HAVE_DECL_STRSTR 1
| #define HAVE_DECL_GETOPT 1
| #define HAVE_DECL_SNPRINTF 1
| #define HAVE_DECL_VSNPRINTF 1
| #define HAVE_LC_MESSAGES 1
| #define HAVE_STRUCT_STAT_ST_BLOCKS 1
| #define HAVE_STRUCT_STAT_ST_BLKSIZE 1
| #define RETSIGTYPE void
| #define HAVE_SOCKLEN_T 1
| #define HAVE_ALLOCA_H 1
| #define HAVE_ALLOCA 1
| #define HAVE_STDLIB_H 1
| #define HAVE_UNISTD_H 1
| #define HAVE_GETPAGESIZE 1
| #define HAVE_MMAP 1
| #define HAVE_FORK 1
| #define HAVE_VFORK 1
| #define HAVE_WORKING_VFORK 1
| #define HAVE_WORKING_FORK 1
| #define HAVE_REALPATH 1
| #define HAVE_GETRUSAGE 1
| #define HAVE_GETUID 1
| #define HAVE_GETGID 1
| #define HAVE_PIPE 1
| #define HAVE_POLL 1
| #define HAVE_PREAD 1
| #define HAVE_PWRITE 1
| #define HAVE_READLINK 1
| #define HAVE_RESIZE_TERM 1
| #define HAVE_SBRK 1
| #define HAVE_SETPGID 1
| #define HAVE_SETPGRP 1
| #define HAVE_SETSID 1
| #define HAVE_SIGACTION 1
| #define HAVE_SIGPROCMASK 1
| #define HAVE_SIGSETMASK 1
| #define HAVE_SOCKETPAIR 1
| #define HAVE_SYSCALL 1
| #define HAVE_WBORDER 1
| #define HAVE_WRESIZE 1
| #define HAVE_SETLOCALE 1
| #define HAVE_ICONVLIST 1
| #define HAVE_BTOWC 1
| #define HAVE_SETRLIMIT 1
| #define HAVE_GETRLIMIT 1
| #define HAVE_POSIX_MADVISE 1
| #define HAVE_WAITPID 1
| #define HAVE_LSTAT 1
| #define HAVE_LANGINFO_CODESET 1
| #define HAVE_DECL_PTRACE 1
| #define PTRACE_TYPE_RET int
| #define PTRACE_TYPE_ARG3 caddr_t
| #define SETPGRP_VOID 1
| #define HAVE_SIGSETJMP 1
| #define USE_INCLUDED_REGEX 1
| #define PRINTF_HAS_LONG_LONG 1
| #define HAVE_LONG_DOUBLE 1
| #define PRINTF_HAS_LONG_DOUBLE 1
| #define SCANF_HAS_LONG_DOUBLE 1
| #define HAVE_DECL_ADDR_NO_RANDOMIZE 0
| /* end confdefs.h.  */
| #include <sys/personality.h>
| int
| main ()
| {
| 
| #      if !HAVE_DECL_ADDR_NO_RANDOMIZE
| #       define ADDR_NO_RANDOMIZE 0x0040000
| #      endif
|        /* Test the flag could be set and stays set.  */
|        personality (personality (0xffffffff) | ADDR_NO_RANDOMIZE);
|        if (!(personality (personality (0xffffffff)) & ADDR_NO_RANDOMIZE))
| 	   return 1
|   ;
|   return 0;
| }
configure:12473: checking compiler warning flags
configure:12494: gcc -c -g -O2 -Wall   conftest.c >&5
configure:12494: $? = 0
configure:12494: gcc -c -g -O2 -Wdeclaration-after-statement   conftest.c >&5
configure:12494: $? = 0
configure:12494: gcc -c -g -O2 -Wpointer-arith   conftest.c >&5
configure:12494: $? = 0
configure:12494: gcc -c -g -O2 -Wformat-nonliteral   conftest.c >&5
configure:12494: $? = 0
configure:12494: gcc -c -g -O2 -Wno-pointer-sign   conftest.c >&5
configure:12494: $? = 0
configure:12494: gcc -c -g -O2 -Wno-unused   conftest.c >&5
configure:12494: $? = 0
configure:12494: gcc -c -g -O2 -Wunused-value   conftest.c >&5
configure:12494: $? = 0
configure:12494: gcc -c -g -O2 -Wunused-function   conftest.c >&5
configure:12494: $? = 0
configure:12494: gcc -c -g -O2 -Wno-switch   conftest.c >&5
configure:12494: $? = 0
configure:12494: gcc -c -g -O2 -Wno-char-subscripts   conftest.c >&5
configure:12494: $? = 0
configure:12494: gcc -c -g -O2 -Wmissing-prototypes   conftest.c >&5
configure:12494: $? = 0
configure:12494: gcc -c -g -O2 -Wdeclaration-after-statement   conftest.c >&5
configure:12494: $? = 0
configure:12494: gcc -c -g -O2 -Wempty-body   conftest.c >&5
configure:12494: $? = 0
configure:12501: result:  -Wall -Wdeclaration-after-statement -Wpointer-arith -Wformat-nonliteral -Wno-pointer-sign -Wno-unused -Wunused-value -Wunused-function -Wno-switch -Wno-char-subscripts -Wmissing-prototypes -Wdeclaration-after-statement -Wempty-body 
configure:12508: checking for cygwin
configure:12529: result: no
configure:12578: checking for ELF support in BFD
configure:12605: result: no
configure:12637: checking for Mach-O support in BFD
configure:12664: result: yes
configure:12689: checking for SOM support in BFD
configure:12716: result: no
configure:13741: checking for X
configure:13919: result: no
configure:14069: checking whether gdbserver is supported on this host
configure:14078: result: no
configure:14242: creating ./config.status

## ---------------------- ##
## Running config.status. ##
## ---------------------- ##

This file was extended by config.status, which was
generated by GNU Autoconf 2.64.  Invocation command line was

  CONFIG_FILES    = 
  CONFIG_HEADERS  = 
  CONFIG_LINKS    = 
  CONFIG_COMMANDS = 
  $ ./config.status 

on YouHuatekiMacBook-Pro.local

config.status:1120: creating jit-reader.h
config.status:1120: creating Makefile
config.status:1120: creating gdb-gdb.gdb
config.status:1120: creating doc/Makefile
config.status:1120: creating data-directory/Makefile
config.status:1120: creating config.h
config.status:1291: config.h is unchanged
config.status:1336: executing depdir commands
config.status:1336: executing default commands
configure:15568: === configuring in testsuite (/Users/youhua/Downloads/gdb-7.6.2/gdb/testsuite)
configure:15631: running /bin/sh ./configure --disable-option-checking '--prefix=/usr/local'  '--with-system-zlib' '--program-transform-name=s,y,y,' '--build=x86_64-apple-darwin13.0.0' '--host=x86_64-apple-darwin13.0.0' '--target=x86_64-apple-darwin13.0.0' 'build_alias=x86_64-apple-darwin13.0.0' 'host_alias=x86_64-apple-darwin13.0.0' 'target_alias=x86_64-apple-darwin13.0.0' 'CC=gcc' 'CFLAGS=-g -O2' 'LDFLAGS= ' 'MAKEINFO=makeinfo --split-size=5000000' 'YACC=bison -y' --cache-file=.././config.cache --srcdir=.

## ---------------- ##
## Cache variables. ##
## ---------------- ##

ac_cv_build=x86_64-apple-darwin13.0.0
ac_cv_c_bigendian=no
ac_cv_c_compiler_gnu=yes
ac_cv_c_const=yes
ac_cv_c_inline=inline
ac_cv_env_CC_set=set
ac_cv_env_CC_value=gcc
ac_cv_env_CFLAGS_set=set
ac_cv_env_CFLAGS_value='-g -O2'
ac_cv_env_CPPFLAGS_set=
ac_cv_env_CPPFLAGS_value=
ac_cv_env_CPP_set=
ac_cv_env_CPP_value=
ac_cv_env_LDFLAGS_set=set
ac_cv_env_LDFLAGS_value=' '
ac_cv_env_LIBS_set=
ac_cv_env_LIBS_value=
ac_cv_env_MAKEINFOFLAGS_set=
ac_cv_env_MAKEINFOFLAGS_value=
ac_cv_env_MAKEINFO_set=set
ac_cv_env_MAKEINFO_value='makeinfo --split-size=5000000'
ac_cv_env_XMKMF_set=
ac_cv_env_XMKMF_value=
ac_cv_env_YACC_set=set
ac_cv_env_YACC_value='bison -y'
ac_cv_env_YFLAGS_set=
ac_cv_env_YFLAGS_value=
ac_cv_env_build_alias_set=set
ac_cv_env_build_alias_value=x86_64-apple-darwin13.0.0
ac_cv_env_host_alias_set=set
ac_cv_env_host_alias_value=x86_64-apple-darwin13.0.0
ac_cv_env_target_alias_set=set
ac_cv_env_target_alias_value=x86_64-apple-darwin13.0.0
ac_cv_func_XML_StopParser=yes
ac_cv_func__mcleanup=no
ac_cv_func_alloca_works=yes
ac_cv_func_btowc=yes
ac_cv_func_canonicalize_file_name=no
ac_cv_func_fork=yes
ac_cv_func_fork_works=yes
ac_cv_func_getgid=yes
ac_cv_func_getpagesize=yes
ac_cv_func_getrlimit=yes
ac_cv_func_getrusage=yes
ac_cv_func_getuid=yes
ac_cv_func_iconvlist=yes
ac_cv_func_libiconvlist=no
ac_cv_func_lstat=yes
ac_cv_func_mmap_fixed_mapped=yes
ac_cv_func_monstartup=yes
ac_cv_func_pipe=yes
ac_cv_func_poll=yes
ac_cv_func_posix_madvise=yes
ac_cv_func_pread64=no
ac_cv_func_pread=yes
ac_cv_func_pwrite=yes
ac_cv_func_readlink=yes
ac_cv_func_realpath=yes
ac_cv_func_resize_term=yes
ac_cv_func_sbrk=yes
ac_cv_func_setlocale=yes
ac_cv_func_setpgid=yes
ac_cv_func_setpgrp=yes
ac_cv_func_setpgrp_void=yes
ac_cv_func_setrlimit=yes
ac_cv_func_setsid=yes
ac_cv_func_sigaction=yes
ac_cv_func_sigprocmask=yes
ac_cv_func_sigsetmask=yes
ac_cv_func_socketpair=yes
ac_cv_func_syscall=yes
ac_cv_func_ttrace=no
ac_cv_func_vfork=yes
ac_cv_func_vfork_works=yes
ac_cv_func_waitpid=yes
ac_cv_func_wborder=yes
ac_cv_func_wctype=yes
ac_cv_func_wresize=yes
ac_cv_have_decl_ADDR_NO_RANDOMIZE=no
ac_cv_have_decl_free=yes
ac_cv_have_decl_getopt=yes
ac_cv_have_decl_malloc=yes
ac_cv_have_decl_ptrace=yes
ac_cv_have_decl_realloc=yes
ac_cv_have_decl_snprintf=yes
ac_cv_have_decl_strerror=yes
ac_cv_have_decl_strstr=yes
ac_cv_have_decl_vsnprintf=yes
ac_cv_have_x=have_x=no
ac_cv_header_cursesX_h=no
ac_cv_header_curses_h=yes
ac_cv_header_dirent_dirent_h=yes
ac_cv_header_dlfcn_h=yes
ac_cv_header_elf_hp_h=no
ac_cv_header_inttypes_h=yes
ac_cv_header_libunwind_ia64_h=no
ac_cv_header_link_h=no
ac_cv_header_linux_perf_event_h=no
ac_cv_header_locale_h=yes
ac_cv_header_machine_reg_h=no
ac_cv_header_memory_h=yes
ac_cv_header_minix_config_h=no
ac_cv_header_ncurses_h=yes
ac_cv_header_ncurses_ncurses_h=no
ac_cv_header_ncurses_term_h=no
ac_cv_header_nlist_h=yes
ac_cv_header_poll_h=yes
ac_cv_header_proc_service_h=no
ac_cv_header_pthread_h=yes
ac_cv_header_ptrace_h=no
ac_cv_header_sgtty_h=yes
ac_cv_header_signal_h=yes
ac_cv_header_stdc=yes
ac_cv_header_stddef_h=yes
ac_cv_header_stdint_h=yes
ac_cv_header_stdlib_h=yes
ac_cv_header_string_h=yes
ac_cv_header_strings_h=yes
ac_cv_header_sys_debugreg_h=no
ac_cv_header_sys_fault_h=no
ac_cv_header_sys_file_h=yes
ac_cv_header_sys_filio_h=yes
ac_cv_header_sys_ioctl_h=yes
ac_cv_header_sys_param_h=yes
ac_cv_header_sys_poll_h=yes
ac_cv_header_sys_proc_h=no
ac_cv_header_sys_procfs_h=no
ac_cv_header_sys_ptrace_h=yes
ac_cv_header_sys_reg_h=no
ac_cv_header_sys_resource_h=yes
ac_cv_header_sys_select_h=yes
ac_cv_header_sys_socket_h=yes
ac_cv_header_sys_stat_h=yes
ac_cv_header_sys_syscall_h=yes
ac_cv_header_sys_types_h=yes
ac_cv_header_sys_un_h=yes
ac_cv_header_sys_user_h=yes
ac_cv_header_sys_wait_h=yes
ac_cv_header_term_h=yes
ac_cv_header_termio_h=no
ac_cv_header_termios_h=yes
ac_cv_header_thread_db_h=no
ac_cv_header_unistd_h=yes
ac_cv_header_vfork_h=no
ac_cv_header_wait_h=no
ac_cv_header_zlib_h=yes
ac_cv_host=x86_64-apple-darwin13.0.0
ac_cv_lib_m_main=yes
ac_cv_libexpat=yes
ac_cv_member_struct_reg_r_fs=no
ac_cv_member_struct_reg_r_gs=no
ac_cv_member_struct_stat_st_blksize=yes
ac_cv_member_struct_stat_st_blocks=yes
ac_cv_member_struct_thread_td_pcb=no
ac_cv_member_struct_user_regs_struct_fs_base=no
ac_cv_member_struct_user_regs_struct_gs_base=no
ac_cv_objext=o
ac_cv_path_EGREP='/usr/bin/grep -E'
ac_cv_path_GREP=/usr/bin/grep
ac_cv_path_python_prog_path=/usr/bin/python
ac_cv_prog_AR=ar
ac_cv_prog_AWK=awk
ac_cv_prog_CC=gcc
ac_cv_prog_CPP='gcc -E'
ac_cv_prog_DLLTOOL=dlltool
ac_cv_prog_MAKE=/Applications/Xcode.app/Contents/Developer/usr/bin/make
ac_cv_prog_RANLIB=ranlib
ac_cv_prog_WINDRES=windres
ac_cv_prog_YACC='bison -y'
ac_cv_prog_ac_ct_MIG=mig
ac_cv_prog_cc_c89=
ac_cv_prog_cc_g=yes
ac_cv_prog_make__Applications_Xcode_app_Contents_Developer_usr_bin_make_set=yes
ac_cv_safe_to_define___extensions__=yes
ac_cv_search_dlgetmodinfo=no
ac_cv_search_dlopen='none required'
ac_cv_search_gethostbyname='none required'
ac_cv_search_opendir='none required'
ac_cv_search_socketpair='none required'
ac_cv_search_tgetent='none required'
ac_cv_search_waddstr=-lncurses
ac_cv_search_zlibVersion=-lz
ac_cv_sizeof_unsigned___int128=16
ac_cv_sizeof_unsigned_long=8
ac_cv_sizeof_unsigned_long_long=8
ac_cv_sys_file_offset_bits=no
ac_cv_sys_largefile_CC=no
ac_cv_target=x86_64-apple-darwin13.0.0
ac_cv_type_pid_t=yes
ac_cv_type_signal=void
ac_cv_type_socklen_t=yes
ac_cv_var__etext=no
ac_cv_var_etext=no
ac_cv_working_alloca_h=yes
acl_cv_hardcode_direct=no
acl_cv_hardcode_libdir_flag_spec=
acl_cv_hardcode_libdir_separator=
acl_cv_hardcode_minus_L=no
acl_cv_libext=a
acl_cv_path_LD=/Applications/Xcode.app/Contents/Developer/Toolchains/XcodeDefault.xctoolchain/usr/bin/ld
acl_cv_prog_gnu_ld=no
acl_cv_rpath=done
acl_cv_shlibext=dylib
acl_cv_wl=-Wl,
am_cv_CC_dependencies_compiler_type=gcc3
am_cv_build_libiconv_path=
am_cv_func_iconv=yes
am_cv_langinfo_codeset=yes
am_cv_lib_iconv=yes
am_cv_prog_cc_stdc=
am_cv_proto_iconv='extern size_t iconv (iconv_t cd, char * *inbuf, size_t *inbytesleft, char * *outbuf, size_t *outbytesleft);'
am_cv_proto_iconv_arg1=
am_cv_use_build_libiconv=no
am_cv_val_LC_MESSAGES=yes
gdb_cv_c_long_double=yes
gdb_cv_c_long_long=yes
gdb_cv_func_ptrace_args=int,pid_t,caddr_t,int
gdb_cv_func_ptrace_ret=int
gdb_cv_func_sigsetjmp=yes
gdb_cv_have_gnu_regex=no
gdb_cv_have_makeinfo_click=no
gdb_cv_have_pt_getdbregs=no
gdb_cv_have_pt_getxmmregs=no
gdb_cv_have_ptrace_getfpxregs=no
gdb_cv_have_ptrace_getregs=no
gdb_cv_have_struct_link_map32=no
gdb_cv_have_struct_link_map_with_l_members=no
gdb_cv_have_struct_link_map_with_lm_members=no
gdb_cv_have_struct_so_map_with_som_members=no
gdb_cv_os_cygwin=no
gdb_cv_printf_has_decfloat=no
gdb_cv_printf_has_long_double=yes
gdb_cv_printf_has_long_long=yes
gdb_cv_scanf_has_long_double=yes
gdb_cv_struct_lwp=no
gdb_cv_struct_reg=no
gdb_cv_sys_syscall_h_has_tkill=no
gdb_cv_var_elf=no
gdb_cv_var_macho=yes
gdb_cv_var_som=no

## ----------------- ##
## Output variables. ##
## ----------------- ##

ALLOCA=''
AR='ar'
AWK='awk'
CATALOGS=''
CATOBJEXT='.gmo'
CC='gcc'
CCDEPMODE='depmode=gcc3'
CFLAGS='-g -O2'
CONFIG_ALL=' all-po'
CONFIG_CLEAN=' clean-po'
CONFIG_DEPS=' $(SUBDIR_CLI_DEPS) $(SUBDIR_MI_DEPS) $(SUBDIR_TUI_DEPS) $(SUBDIR_PYTHON_DEPS)'
CONFIG_INSTALL=' install-po install-python'
CONFIG_LDFLAGS=''
CONFIG_OBS=' $(SUBDIR_CLI_OBS) $(SUBDIR_MI_OBS) $(SUBDIR_TUI_OBS) $(SUBDIR_PYTHON_OBS) machoread.o posix-hdep.o'
CONFIG_SRCS=' $(SUBDIR_CLI_SRCS) $(SUBDIR_MI_SRCS) $(SUBDIR_TUI_SRCS) $(SUBDIR_PYTHON_SRCS)'
CONFIG_UNINSTALL=' uninstall-po'
CPP='gcc -E'
CPPFLAGS=' '
DATADIRNAME='share'
DEBUGDIR='${exec_prefix}/lib/debug'
DEFS='-DHAVE_CONFIG_H'
DEPDIR='.deps'
DLLTOOL='dlltool'
ECHO_C='\c'
ECHO_N=''
ECHO_T=''
EGREP='/usr/bin/grep -E'
ENABLE_CFLAGS=' $(SUBDIR_CLI_CFLAGS) $(SUBDIR_MI_CFLAGS) $(SUBDIR_TUI_CFLAGS) $(SUBDIR_PYTHON_CFLAGS)'
EXEEXT=''
GDBTKLIBS=''
GDBTK_CFLAGS=''
GDBTK_SRC_DIR=''
GDB_DATADIR='${datarootdir}/gdb'
GDB_NM_FILE=''
GENCAT='gencat'
GMAKE_FALSE='#'
GMAKE_TRUE=''
GMSGFMT=':'
GNULIB_STDINT_H=''
GREP='/usr/bin/grep'
GUI_CFLAGS_X='-I./../libgui/src'
HAVE_LIBEXPAT='yes'
HAVE_LIBLZMA=''
INCINTL='-I${top_builddir}/../intl'
INSTALL_DATA='/usr/bin/install -c -m 644'
INSTALL_PROGRAM='/usr/bin/install -c'
INSTALL_SCRIPT='/usr/bin/install -c'
INSTOBJEXT='.mo'
JIT_READER_DIR='${exec_prefix}/lib/gdb'
LDFLAGS=' '
LIBEXPAT='-lexpat'
LIBGUI='../libgui/src/libgui.a'
LIBINTL='${top_builddir}/../intl/libintl.a -liconv'
LIBINTL_DEP='${top_builddir}/../intl/libintl.a'
LIBLZMA=''
LIBOBJS=''
LIBS='-lncurses -lz -lm   -liconv'
LN_S='ln -s'
LTLIBEXPAT='-lexpat'
LTLIBLZMA=''
LTLIBOBJS=''
MAINT='#'
MAINTAINER_MODE_FALSE=''
MAINTAINER_MODE_TRUE='#'
MAKE='/Applications/Xcode.app/Contents/Developer/usr/bin/make'
MAKEINFO='makeinfo --split-size=5000000'
MAKEINFOFLAGS=''
MAKEINFO_EXTRA_FLAGS=''
MIG='mig'
OBJEXT='o'
PACKAGE='gdb'
PACKAGE_BUGREPORT=''
PACKAGE_NAME=''
PACKAGE_STRING=''
PACKAGE_TARNAME=''
PACKAGE_URL=''
PACKAGE_VERSION=''
PATH_SEPARATOR=':'
PKGVERSION='(GDB) '
POSUB='po'
PROFILE_CFLAGS=''
PYTHON_CFLAGS=' -fno-strict-aliasing -DNDEBUG -fwrapv'
PYTHON_CPPFLAGS='-I/System/Library/Frameworks/Python.framework/Versions/2.7/include/python2.7 -I/System/Library/Frameworks/Python.framework/Versions/2.7/include/python2.7'
PYTHON_LIBS='-L/System/Library/Frameworks/Python.framework/Versions/2.7/lib/python2.7/config -ldl -framework CoreFoundation -lpython2.7 -u _PyMac_Error /System/Library/Frameworks/Python.framework/Versions/2.7/Python'
RANLIB='ranlib'
RDYNAMIC='-rdynamic'
READLINE='$(READLINE_DIR)/libreadline.a'
READLINE_CFLAGS='-I$(READLINE_SRC)/..'
READLINE_DEPS='$(READLINE)'
READLINE_TEXI_INCFLAG='-I $(READLINE_DIR)'
REPORT_BUGS_TEXI='@uref{http://www.gnu.org/software/gdb/bugs/}'
REPORT_BUGS_TO='<http://www.gnu.org/software/gdb/bugs/>'
SER_HARDWIRE='ser-base.o ser-unix.o ser-pipe.o ser-tcp.o'
SET_MAKE=''
SHELL='/bin/sh'
SIM=''
SIM_OBS=''
SYSTEM_GDBINIT=''
TARGET_OBS=' amd64-tdep.o i386-tdep.o i387-tdep.o i386-darwin-tdep.o amd64-darwin-tdep.o solib-darwin.o'
TARGET_PTR='unsigned long'
TARGET_SYSTEM_ROOT=''
TCL_BIN_DIR=''
TCL_DEPS=''
TCL_INCLUDE=''
TCL_LIBRARY=''
TCL_LIB_FILE=''
TCL_LIB_FLAG=''
TCL_LIB_SPEC=''
TCL_PATCH_LEVEL=''
TCL_SRC_DIR=''
TCL_STUB_LIB_FILE=''
TCL_STUB_LIB_FLAG=''
TCL_STUB_LIB_SPEC=''
TCL_VERSION=''
TK_BIN_DIR=''
TK_DEPS=''
TK_INCLUDE=''
TK_LIBRARY=''
TK_LIB_FILE=''
TK_LIB_FLAG=''
TK_LIB_SPEC=''
TK_SRC_DIR=''
TK_STUB_LIB_FILE=''
TK_STUB_LIB_FLAG=''
TK_STUB_LIB_SPEC=''
TK_VERSION=''
TK_XINCLUDES=''
USE_NLS='yes'
WARN_CFLAGS=' -Wall -Wdeclaration-after-statement -Wpointer-arith -Wformat-nonliteral -Wno-pointer-sign -Wno-unused -Wunused-value -Wunused-function -Wno-switch -Wno-char-subscripts -Wmissing-prototypes -Wdeclaration-after-statement -Wempty-body'
WERROR_CFLAGS=''
WIN32LDAPP=''
WIN32LIBS=''
WINDRES='windres'
XGETTEXT=':'
XMKMF=''
X_CFLAGS=''
X_LDFLAGS=''
X_LIBS=''
YACC='bison -y'
YFLAGS=''
ac_ct_CC=''
am__leading_dot='.'
bindir='${exec_prefix}/bin'
build='x86_64-apple-darwin13.0.0'
build_alias='x86_64-apple-darwin13.0.0'
build_cpu='x86_64'
build_os='darwin13.0.0'
build_vendor='apple'
datadir='${datarootdir}'
datarootdir='${prefix}/share'
docdir='${datarootdir}/doc/${PACKAGE}'
dvidir='${docdir}'
exec_prefix='${prefix}'
frags=' ./config/i386/darwin.mh'
host='x86_64-apple-darwin13.0.0'
host_alias='x86_64-apple-darwin13.0.0'
host_cpu='x86_64'
host_os='darwin13.0.0'
host_vendor='apple'
htmldir='${docdir}'
includedir='${prefix}/include'
infodir='${datarootdir}/info'
libdir='${exec_prefix}/lib'
libexecdir='${exec_prefix}/libexec'
localedir='${datadir}/locale'
localstatedir='${prefix}/var'
mandir='${datarootdir}/man'
oldincludedir='/usr/include'
pdfdir='${docdir}'
prefix='/usr/local'
program_transform_name='s,y,y,'
psdir='${docdir}'
python_prog_path='/usr/bin/python'
sbindir='${exec_prefix}/sbin'
sharedstatedir='${prefix}/com'
subdirs=' testsuite'
sysconfdir='${prefix}/etc'
target='x86_64-apple-darwin13.0.0'
target_alias='x86_64-apple-darwin13.0.0'
target_cpu='x86_64'
target_os='darwin13.0.0'
target_subdir=''
target_vendor='apple'

## ------------------- ##
## File substitutions. ##
## ------------------- ##

host_makefile_frag='./config/i386/darwin.mh'

## ----------- ##
## confdefs.h. ##
## ----------- ##

/* confdefs.h */
#define PACKAGE_NAME ""
#define PACKAGE_TARNAME ""
#define PACKAGE_VERSION ""
#define PACKAGE_STRING ""
#define PACKAGE_BUGREPORT ""
#define PACKAGE_URL ""
#define STDC_HEADERS 1
#define HAVE_SYS_TYPES_H 1
#define HAVE_SYS_STAT_H 1
#define HAVE_STDLIB_H 1
#define HAVE_STRING_H 1
#define HAVE_MEMORY_H 1
#define HAVE_STRINGS_H 1
#define HAVE_INTTYPES_H 1
#define HAVE_STDINT_H 1
#define HAVE_UNISTD_H 1
#define __EXTENSIONS__ 1
#define _ALL_SOURCE 1
#define _GNU_SOURCE 1
#define _POSIX_PTHREAD_SEMANTICS 1
#define _TANDEM_SOURCE 1
#define ENABLE_NLS 1
#define PACKAGE "gdb"
#define DEBUGDIR "/usr/local/lib/debug"
#define DEBUGDIR_RELOCATABLE 1
#define BINDIR "/usr/local/bin"
#define GDB_DATADIR "/usr/local/share/gdb"
#define GDB_DATADIR_RELOCATABLE 1
#define AUTO_LOAD_DIR ":${prefix}/share/auto-load"
#define AUTO_LOAD_SAFE_PATH ":${prefix}/share/auto-load"
#define DEFAULT_BFD_ARCH bfd_i386_arch
#define DEFAULT_BFD_VEC mach_o_x86_64_vec
#define HAVE_MONSTARTUP 1
#define PKGVERSION "(GDB) "
#define REPORT_BUGS_TO "<http://www.gnu.org/software/gdb/bugs/>"
#define HAVE_LIBM 1
#define HAVE_ZLIB_H 1
#define HAVE_ICONV 1
#define ICONV_CONST 
#define SIZEOF_UNSIGNED_LONG_LONG 8
#define SIZEOF_UNSIGNED_LONG 8
#define SIZEOF_UNSIGNED___INT128 16
#define JIT_READER_DIR "/usr/local/lib/gdb"
#define JIT_READER_DIR_RELOCATABLE 1
#define HAVE_LIBEXPAT 1
#define HAVE_XML_STOPPARSER 1
#define HAVE_LIBPYTHON2_7 1
#define WITH_PYTHON_PATH "/System/Library/Frameworks/Python.framework/Versions/2.7"
#define PYTHON_PATH_RELOCATABLE 0
#define HAVE_PYTHON 1
#define HAVE_DIRENT_H 1
#define STDC_HEADERS 1
#define HAVE_NLIST_H 1
#define HAVE_POLL_H 1
#define HAVE_SYS_POLL_H 1
#define HAVE_SIGNAL_H 1
#define HAVE_STDDEF_H 1
#define HAVE_STDLIB_H 1
#define HAVE_STRING_H 1
#define HAVE_MEMORY_H 1
#define HAVE_STRINGS_H 1
#define HAVE_SYS_FILE_H 1
#define HAVE_SYS_FILIO_H 1
#define HAVE_SYS_IOCTL_H 1
#define HAVE_SYS_PARAM_H 1
#define HAVE_SYS_RESOURCE_H 1
#define HAVE_SYS_PTRACE_H 1
#define HAVE_SYS_SELECT_H 1
#define HAVE_SYS_SYSCALL_H 1
#define HAVE_SYS_TYPES_H 1
#define HAVE_SYS_WAIT_H 1
#define HAVE_TERMIOS_H 1
#define HAVE_SGTTY_H 1
#define HAVE_UNISTD_H 1
#define HAVE_LOCALE_H 1
#define HAVE_DLFCN_H 1
#define HAVE_SYS_SOCKET_H 1
#define HAVE_SYS_UN_H 1
#define HAVE_SYS_USER_H 1
#define HAVE_CURSES_H 1
#define HAVE_NCURSES_H 1
#define HAVE_TERM_H 1
#define HAVE_DECL_FREE 1
#define HAVE_DECL_MALLOC 1
#define HAVE_DECL_REALLOC 1
#define HAVE_DECL_STRERROR 1
#define HAVE_DECL_STRSTR 1
#define HAVE_DECL_GETOPT 1
#define HAVE_DECL_SNPRINTF 1
#define HAVE_DECL_VSNPRINTF 1
#define HAVE_LC_MESSAGES 1
#define HAVE_STRUCT_STAT_ST_BLOCKS 1
#define HAVE_STRUCT_STAT_ST_BLKSIZE 1
#define RETSIGTYPE void
#define HAVE_SOCKLEN_T 1
#define HAVE_ALLOCA_H 1
#define HAVE_ALLOCA 1
#define HAVE_STDLIB_H 1
#define HAVE_UNISTD_H 1
#define HAVE_GETPAGESIZE 1
#define HAVE_MMAP 1
#define HAVE_FORK 1
#define HAVE_VFORK 1
#define HAVE_WORKING_VFORK 1
#define HAVE_WORKING_FORK 1
#define HAVE_REALPATH 1
#define HAVE_GETRUSAGE 1
#define HAVE_GETUID 1
#define HAVE_GETGID 1
#define HAVE_PIPE 1
#define HAVE_POLL 1
#define HAVE_PREAD 1
#define HAVE_PWRITE 1
#define HAVE_READLINK 1
#define HAVE_RESIZE_TERM 1
#define HAVE_SBRK 1
#define HAVE_SETPGID 1
#define HAVE_SETPGRP 1
#define HAVE_SETSID 1
#define HAVE_SIGACTION 1
#define HAVE_SIGPROCMASK 1
#define HAVE_SIGSETMASK 1
#define HAVE_SOCKETPAIR 1
#define HAVE_SYSCALL 1
#define HAVE_WBORDER 1
#define HAVE_WRESIZE 1
#define HAVE_SETLOCALE 1
#define HAVE_ICONVLIST 1
#define HAVE_BTOWC 1
#define HAVE_SETRLIMIT 1
#define HAVE_GETRLIMIT 1
#define HAVE_POSIX_MADVISE 1
#define HAVE_WAITPID 1
#define HAVE_LSTAT 1
#define HAVE_LANGINFO_CODESET 1
#define HAVE_DECL_PTRACE 1
#define PTRACE_TYPE_RET int
#define PTRACE_TYPE_ARG3 caddr_t
#define SETPGRP_VOID 1
#define HAVE_SIGSETJMP 1
#define USE_INCLUDED_REGEX 1
#define PRINTF_HAS_LONG_LONG 1
#define HAVE_LONG_DOUBLE 1
#define PRINTF_HAS_LONG_DOUBLE 1
#define SCANF_HAS_LONG_DOUBLE 1
#define HAVE_DECL_ADDR_NO_RANDOMIZE 0
#define TARGET_SYSTEM_ROOT ""
#define TARGET_SYSTEM_ROOT_RELOCATABLE 0
#define SYSTEM_GDBINIT ""
#define SYSTEM_GDBINIT_RELOCATABLE 0
#define GDB_HOST_FLOAT_FORMAT 0
#define GDB_HOST_DOUBLE_FORMAT 0
#define GDB_HOST_LONG_DOUBLE_FORMAT 0
#define GDB_DEFAULT_HOST_CHARSET "UTF-8"

configure: exit 0

## ---------------------- ##
## Running config.status. ##
## ---------------------- ##

This file was extended by config.status, which was
generated by GNU Autoconf 2.64.  Invocation command line was

  CONFIG_FILES    = 
  CONFIG_HEADERS  = config.h:config.in
  CONFIG_LINKS    = 
  CONFIG_COMMANDS = default depdir
  $ config.status 

on YouHuatekiMacBook-Pro.local

config.status:1120: creating config.h
config.status:1291: config.h is unchanged
config.status:1336: executing default commands
config.status:1336: executing depdir commands
