This file contains any messages produced by compilers while
running configure, to aid debugging if configure makes a mistake.

It was created by configure, which was
generated by GNU Autoconf 2.64.  Invocation command line was

  $ /Users/youhua/Downloads/gdb-7.6.2/libiberty/configure --cache-file=./config.cache --with-system-zlib --program-transform-name=s,y,y, --disable-option-checking --build=x86_64-apple-darwin13.0.0 --host=x86_64-apple-darwin13.0.0 --target=x86_64-apple-darwin13.0.0 --srcdir=.././libiberty

## --------- ##
## Platform. ##
## --------- ##

hostname = YouHuatekiMacBook-Pro.local
uname -m = x86_64
uname -r = 13.0.0
uname -s = Darwin
uname -v = Darwin Kernel Version 13.0.0: Thu Sep 19 22:22:27 PDT 2013; root:xnu-2422.1.72~6/RELEASE_X86_64

/usr/bin/uname -p = i386
/bin/uname -X     = unknown

/bin/arch              = unknown
/usr/bin/arch -k       = unknown
/usr/convex/getsysinfo = unknown
/usr/bin/hostinfo      = Mach kernel version:
	 Darwin Kernel Version 13.0.0: Thu Sep 19 22:22:27 PDT 2013; root:xnu-2422.1.72~6/RELEASE_X86_64
Kernel configured for up to 8 processors.
4 processors are physically available.
8 processors are logically available.
Processor type: i486 (Intel 80486)
Processors active: 0 1 2 3 4 5 6 7
Primary memory available: 16.00 gigabytes
Default processor set: 197 tasks, 884 threads, 8 processors
Load average: 2.66, Mach factor: 5.33
/bin/machine           = unknown
/usr/bin/oslevel       = unknown
/bin/universe          = unknown

PATH: /Users/youhua/.rvm/gems/ruby-2.1.0/bin
PATH: /Users/youhua/.rvm/gems/ruby-2.1.0@global/bin
PATH: /Users/youhua/.rvm/rubies/ruby-2.1.0/bin
PATH: /usr/bin
PATH: /bin
PATH: /usr/sbin
PATH: /sbin
PATH: /usr/local/bin
PATH: /Users/youhua/.rvm/bin


## ----------- ##
## Core tests. ##
## ----------- ##

configure:2215: loading cache ./config.cache
configure:2374: checking whether to enable maintainer-specific portions of Makefiles
configure:2384: result: no
configure:2399: checking for makeinfo
configure:2426: result: makeinfo --split-size=5000000
configure:2466: checking for perl
configure:2493: result: perl
configure:2512: checking build system type
configure:2526: result: x86_64-apple-darwin13.0.0
configure:2546: checking host system type
configure:2559: result: x86_64-apple-darwin13.0.0
configure:2584: checking for x86_64-apple-darwin13.0.0-ar
configure:2611: result: ar
configure:2676: checking for x86_64-apple-darwin13.0.0-ranlib
configure:2703: result: ranlib
configure:2796: checking for x86_64-apple-darwin13.0.0-gcc
configure:2823: result: gcc
configure:3092: checking for C compiler version
configure:3101: gcc --version >&5
Apple LLVM version 5.0 (clang-500.2.79) (based on LLVM 3.3svn)
Target: x86_64-apple-darwin13.0.0
Thread model: posix
Configured with: --prefix=/Applications/Xcode.app/Contents/Developer/usr --with-gxx-include-dir=/usr/include/c++/4.2.1
configure:3112: $? = 0
configure:3101: gcc -v >&5
Configured with: --prefix=/Applications/Xcode.app/Contents/Developer/usr --with-gxx-include-dir=/usr/include/c++/4.2.1
Apple LLVM version 5.0 (clang-500.2.79) (based on LLVM 3.3svn)
Target: x86_64-apple-darwin13.0.0
Thread model: posix
configure:3112: $? = 0
configure:3101: gcc -V >&5
clang: error: argument to '-V' is missing (expected 1 value)
clang: error: no input files
configure:3112: $? = 1
configure:3101: gcc -qversion >&5
clang: error: no input files
configure:3112: $? = 1
configure:3128: gcc -o conftest -g -O2    conftest.c  >&5
configure:3131: $? = 0
configure:3160: checking for C compiler default output file name
configure:3182: gcc -g -O2    conftest.c  >&5
configure:3186: $? = 0
configure:3223: result: a.out
configure:3239: checking whether the C compiler works
configure:3248: ./a.out
configure:3252: $? = 0
configure:3267: result: yes
configure:3274: checking whether we are cross compiling
configure:3276: result: no
configure:3279: checking for suffix of executables
configure:3286: gcc -o conftest -g -O2    conftest.c  >&5
configure:3290: $? = 0
configure:3312: result: 
configure:3319: checking for suffix of object files
configure:3366: result: o
configure:3370: checking whether we are using the GNU C compiler
configure:3398: result: yes
configure:3407: checking whether gcc accepts -g
configure:3468: result: yes
configure:3485: checking for gcc option to accept ISO C89
configure:3562: result: none needed
configure:3590: checking for special C compiler options needed for large files
configure:3635: result: no
configure:3641: checking for _FILE_OFFSET_BITS value needed for large files
configure:3698: result: no
configure:3786: checking how to run the C preprocessor
configure:3856: result: gcc -E
configure:3876: gcc -E  conftest.c
configure:3876: $? = 0
configure:3890: gcc -E  conftest.c
conftest.c:9:10: fatal error: 'ac_nonexistent.h' file not found
#include <ac_nonexistent.h>
         ^
1 error generated.
configure:3890: $? = 1
configure: failed program was:
| /* confdefs.h */
| #define PACKAGE_NAME ""
| #define PACKAGE_TARNAME ""
| #define PACKAGE_VERSION ""
| #define PACKAGE_STRING ""
| #define PACKAGE_BUGREPORT ""
| #define PACKAGE_URL ""
| /* end confdefs.h.  */
| #include <ac_nonexistent.h>
configure:3933: checking whether gcc supports -W
configure:3959: result: yes
configure:3933: checking whether gcc supports -Wall
configure:3959: result: yes
configure:3933: checking whether gcc supports -Wwrite-strings
configure:3959: result: yes
configure:3933: checking whether gcc supports -Wc++-compat
configure:3959: result: yes
configure:3933: checking whether gcc supports -Wstrict-prototypes
configure:3959: result: yes
configure:3970: checking whether gcc supports -pedantic 
configure:3996: result: yes
configure:4006: checking whether gcc and cc understand -c and -o together
configure:4106: result: yes
configure:4125: checking for an ANSI C-conforming const
configure:4197: result: yes
configure:4205: checking for inline
configure:4229: result: inline
configure:4248: checking for grep that handles long lines and -e
configure:4306: result: /usr/bin/grep
configure:4311: checking for egrep
configure:4373: result: /usr/bin/grep -E
configure:4378: checking for ANSI C header files
configure:4482: result: yes
configure:4495: checking for sys/types.h
configure:4495: result: yes
configure:4495: checking for sys/stat.h
configure:4495: result: yes
configure:4495: checking for stdlib.h
configure:4495: result: yes
configure:4495: checking for string.h
configure:4495: result: yes
configure:4495: checking for memory.h
configure:4495: result: yes
configure:4495: checking for strings.h
configure:4495: result: yes
configure:4495: checking for inttypes.h
configure:4495: result: yes
configure:4495: checking for stdint.h
configure:4495: result: yes
configure:4495: checking for unistd.h
configure:4495: result: yes
configure:4506: checking whether byte ordering is bigendian
configure:4712: result: no
configure:4751: checking for a BSD-compatible install
configure:4819: result: /usr/bin/install -c
configure:4967: checking for sys/file.h
configure:4967: result: yes
configure:4967: checking for sys/param.h
configure:4967: result: yes
configure:4967: checking for limits.h
configure:4967: result: yes
configure:4967: checking for stdlib.h
configure:4967: result: yes
configure:4967: checking for malloc.h
configure:4967: result: no
configure:4967: checking for string.h
configure:4967: result: yes
configure:4967: checking for unistd.h
configure:4967: result: yes
configure:4967: checking for strings.h
configure:4967: result: yes
configure:4967: checking for sys/time.h
configure:4967: result: yes
configure:4967: checking for time.h
configure:4967: result: yes
configure:4967: checking for sys/resource.h
configure:4967: result: yes
configure:4967: checking for sys/stat.h
configure:4967: result: yes
configure:4967: checking for sys/mman.h
configure:4967: result: yes
configure:4967: checking for fcntl.h
configure:4967: result: yes
configure:4967: checking for alloca.h
configure:4967: result: yes
configure:4967: checking for sys/pstat.h
configure:4967: result: no
configure:4967: checking for sys/sysmp.h
configure:4967: result: no
configure:4967: checking for sys/sysinfo.h
configure:4967: result: no
configure:4967: checking for machine/hal_sysinfo.h
configure:4967: result: no
configure:4967: checking for sys/table.h
configure:4967: result: no
configure:4967: checking for sys/sysctl.h
configure:4967: result: yes
configure:4967: checking for sys/systemcfg.h
configure:4967: result: no
configure:4967: checking for stdint.h
configure:4967: result: yes
configure:4967: checking for stdio_ext.h
configure:4967: result: no
configure:4967: checking for process.h
configure:4967: result: no
configure:4967: checking for sys/prctl.h
configure:4967: result: no
configure:4977: checking for sys/wait.h that is POSIX.1 compatible
configure:5010: result: yes
configure:5018: checking whether time.h and sys/time.h may both be included
configure:5045: result: yes
configure:5054: checking whether errno must be declared
configure:5077: result: no
configure:5091: checking size of int
configure:5111: result: 4
configure:5123: checking for a 64-bit type
configure:5191: result: uint64_t
configure:5202: checking for intptr_t
configure:5202: result: yes
configure:5237: checking for uintptr_t
configure:5237: result: yes
configure:5272: checking for ssize_t
configure:5272: result: yes
configure:5291: checking for pid_t
configure:5291: result: yes
configure:5939: checking for library containing strerror
configure:5990: result: none required
configure:6001: checking for asprintf
configure:6001: result: yes
configure:6001: checking for atexit
configure:6001: result: yes
configure:6001: checking for basename
configure:6001: result: yes
configure:6001: checking for bcmp
configure:6001: result: yes
configure:6001: checking for bcopy
configure:6001: result: yes
configure:6001: checking for bsearch
configure:6001: result: yes
configure:6001: checking for bzero
configure:6001: result: yes
configure:6001: checking for calloc
configure:6001: result: yes
configure:6001: checking for clock
configure:6001: result: yes
configure:6001: checking for ffs
configure:6001: result: yes
configure:6001: checking for getcwd
configure:6001: result: yes
configure:6001: checking for getpagesize
configure:6001: result: yes
configure:6001: checking for gettimeofday
configure:6001: result: yes
configure:6001: checking for index
configure:6001: result: yes
configure:6001: checking for insque
configure:6001: result: yes
configure:6001: checking for memchr
configure:6001: result: yes
configure:6001: checking for memcmp
configure:6001: result: yes
configure:6001: checking for memcpy
configure:6001: result: yes
configure:6001: checking for memmem
configure:6001: result: yes
configure:6001: checking for memmove
configure:6001: result: yes
configure:6001: checking for mempcpy
configure:6001: result: no
configure:6001: checking for memset
configure:6001: result: yes
configure:6001: checking for mkstemps
configure:6001: result: yes
configure:6001: checking for putenv
configure:6001: result: yes
configure:6001: checking for random
configure:6001: result: yes
configure:6001: checking for rename
configure:6001: result: yes
configure:6001: checking for rindex
configure:6001: result: yes
configure:6001: checking for setenv
configure:6001: result: yes
configure:6001: checking for snprintf
configure:6001: result: yes
configure:6001: checking for sigsetmask
configure:6001: result: yes
configure:6001: checking for stpcpy
configure:6001: result: yes
configure:6001: checking for stpncpy
configure:6001: result: yes
configure:6001: checking for strcasecmp
configure:6001: result: yes
configure:6001: checking for strchr
configure:6001: result: yes
configure:6001: checking for strdup
configure:6001: result: yes
configure:6001: checking for strncasecmp
configure:6001: result: yes
configure:6001: checking for strndup
configure:6001: result: yes
configure:6001: checking for strnlen
configure:6001: result: yes
configure:6001: checking for strrchr
configure:6001: result: yes
configure:6001: checking for strstr
configure:6001: result: yes
configure:6001: checking for strtod
configure:6001: result: yes
configure:6001: checking for strtol
configure:6001: result: yes
configure:6001: checking for strtoul
configure:6001: result: yes
configure:6001: checking for strverscmp
configure:6001: result: no
configure:6001: checking for tmpnam
configure:6001: result: yes
configure:6001: checking for vasprintf
configure:6001: result: yes
configure:6001: checking for vfprintf
configure:6001: result: yes
configure:6001: checking for vprintf
configure:6001: result: yes
configure:6001: checking for vsnprintf
configure:6001: result: yes
configure:6001: checking for vsprintf
configure:6001: result: yes
configure:6001: checking for waitpid
configure:6001: result: yes
configure:6001: checking for setproctitle
configure:6001: result: no
configure:6019: checking whether alloca needs Cray hooks
configure:6042: result: no
configure:6060: checking stack direction for C alloca
configure:6097: result: -1
configure:6107: checking for vfork.h
configure:6107: result: no
configure:6119: checking for fork
configure:6119: result: yes
configure:6119: checking for vfork
configure:6119: result: yes
configure:6130: checking for working fork
configure:6162: result: yes
configure:6183: checking for working vfork
configure:6293: result: yes
configure:6352: checking for _doprnt
configure:6352: result: no
configure:6364: checking for sys_errlist
configure:6393: result: yes
configure:6364: checking for sys_nerr
configure:6393: result: yes
configure:6364: checking for sys_siglist
configure:6393: result: yes
configure:6408: checking for external symbol _system_configuration
configure:6421: gcc -c -g -O2  conftest.c >&5
conftest.c:99:10: fatal error: 'sys/systemcfg.h' file not found
#include <sys/systemcfg.h>
         ^
1 error generated.
configure:6421: $? = 1
configure: failed program was:
| /* confdefs.h */
| #define PACKAGE_NAME ""
| #define PACKAGE_TARNAME ""
| #define PACKAGE_VERSION ""
| #define PACKAGE_STRING ""
| #define PACKAGE_BUGREPORT ""
| #define PACKAGE_URL ""
| #define STDC_HEADERS 1
| #define HAVE_SYS_TYPES_H 1
| #define HAVE_SYS_STAT_H 1
| #define HAVE_STDLIB_H 1
| #define HAVE_STRING_H 1
| #define HAVE_MEMORY_H 1
| #define HAVE_STRINGS_H 1
| #define HAVE_INTTYPES_H 1
| #define HAVE_STDINT_H 1
| #define HAVE_UNISTD_H 1
| #define HAVE_SYS_FILE_H 1
| #define HAVE_SYS_PARAM_H 1
| #define HAVE_LIMITS_H 1
| #define HAVE_STDLIB_H 1
| #define HAVE_STRING_H 1
| #define HAVE_UNISTD_H 1
| #define HAVE_STRINGS_H 1
| #define HAVE_SYS_TIME_H 1
| #define HAVE_TIME_H 1
| #define HAVE_SYS_RESOURCE_H 1
| #define HAVE_SYS_STAT_H 1
| #define HAVE_SYS_MMAN_H 1
| #define HAVE_FCNTL_H 1
| #define HAVE_ALLOCA_H 1
| #define HAVE_SYS_SYSCTL_H 1
| #define HAVE_STDINT_H 1
| #define HAVE_SYS_WAIT_H 1
| #define TIME_WITH_SYS_TIME 1
| #define SIZEOF_INT 4
| #define UNSIGNED_64BIT_TYPE uint64_t
| #define HAVE_INTPTR_T 1
| #define HAVE_UINTPTR_T 1
| #define HAVE_UINTPTR_T 1
| #define HAVE_ASPRINTF 1
| #define HAVE_ATEXIT 1
| #define HAVE_BASENAME 1
| #define HAVE_BCMP 1
| #define HAVE_BCOPY 1
| #define HAVE_BSEARCH 1
| #define HAVE_BZERO 1
| #define HAVE_CALLOC 1
| #define HAVE_CLOCK 1
| #define HAVE_FFS 1
| #define HAVE_GETCWD 1
| #define HAVE_GETPAGESIZE 1
| #define HAVE_GETTIMEOFDAY 1
| #define HAVE_INDEX 1
| #define HAVE_INSQUE 1
| #define HAVE_MEMCHR 1
| #define HAVE_MEMCMP 1
| #define HAVE_MEMCPY 1
| #define HAVE_MEMMEM 1
| #define HAVE_MEMMOVE 1
| #define HAVE_MEMSET 1
| #define HAVE_MKSTEMPS 1
| #define HAVE_PUTENV 1
| #define HAVE_RANDOM 1
| #define HAVE_RENAME 1
| #define HAVE_RINDEX 1
| #define HAVE_SETENV 1
| #define HAVE_SNPRINTF 1
| #define HAVE_SIGSETMASK 1
| #define HAVE_STPCPY 1
| #define HAVE_STPNCPY 1
| #define HAVE_STRCASECMP 1
| #define HAVE_STRCHR 1
| #define HAVE_STRDUP 1
| #define HAVE_STRNCASECMP 1
| #define HAVE_STRNDUP 1
| #define HAVE_STRNLEN 1
| #define HAVE_STRRCHR 1
| #define HAVE_STRSTR 1
| #define HAVE_STRTOD 1
| #define HAVE_STRTOL 1
| #define HAVE_STRTOUL 1
| #define HAVE_TMPNAM 1
| #define HAVE_VASPRINTF 1
| #define HAVE_VFPRINTF 1
| #define HAVE_VPRINTF 1
| #define HAVE_VSNPRINTF 1
| #define HAVE_VSPRINTF 1
| #define HAVE_WAITPID 1
| #define STACK_DIRECTION -1
| #define HAVE_FORK 1
| #define HAVE_VFORK 1
| #define HAVE_WORKING_VFORK 1
| #define HAVE_WORKING_FORK 1
| #define HAVE_SYS_ERRLIST 1
| #define HAVE_SYS_NERR 1
| #define HAVE_SYS_SIGLIST 1
| /* end confdefs.h.  */
| #include <sys/systemcfg.h>
| int
| main ()
| {
| double x = _system_configuration.physmem;
|   ;
|   return 0;
| }
configure:6428: result: no
configure:6436: checking for __fsetlocking
configure:6436: result: no
configure:6436: checking for canonicalize_file_name
configure:6436: result: no
configure:6436: checking for dup3
configure:6436: result: no
configure:6436: checking for getrlimit
configure:6436: result: yes
configure:6436: checking for getrusage
configure:6436: result: yes
configure:6436: checking for getsysinfo
configure:6436: result: no
configure:6436: checking for gettimeofday
configure:6436: result: yes
configure:6436: checking for on_exit
configure:6436: result: no
configure:6436: checking for psignal
configure:6436: result: yes
configure:6436: checking for pstat_getdynamic
configure:6436: result: no
configure:6436: checking for pstat_getstatic
configure:6436: result: no
configure:6436: checking for realpath
configure:6436: result: yes
configure:6436: checking for setrlimit
configure:6436: result: yes
configure:6436: checking for sbrk
configure:6436: result: yes
configure:6436: checking for spawnve
configure:6436: result: no
configure:6436: checking for spawnvpe
configure:6436: result: no
configure:6436: checking for strerror
configure:6436: result: yes
configure:6436: checking for strsignal
configure:6436: result: yes
configure:6436: checking for sysconf
configure:6436: result: yes
configure:6436: checking for sysctl
configure:6436: result: yes
configure:6436: checking for sysmp
configure:6436: result: no
configure:6436: checking for table
configure:6436: result: no
configure:6436: checking for times
configure:6436: result: yes
configure:6436: checking for wait3
configure:6436: result: yes
configure:6436: checking for wait4
configure:6436: result: yes
configure:6446: checking whether basename is declared
configure:6446: result: no
configure:6456: checking whether ffs is declared
configure:6456: result: yes
configure:6466: checking whether asprintf is declared
configure:6466: result: yes
configure:6476: checking whether vasprintf is declared
configure:6476: result: yes
configure:6486: checking whether snprintf is declared
configure:6486: result: yes
configure:6496: checking whether vsnprintf is declared
configure:6496: result: yes
configure:6507: checking whether calloc is declared
configure:6507: result: yes
configure:6517: checking whether getenv is declared
configure:6517: result: yes
configure:6527: checking whether getopt is declared
configure:6527: result: yes
configure:6537: checking whether malloc is declared
configure:6537: result: yes
configure:6547: checking whether realloc is declared
configure:6547: result: yes
configure:6557: checking whether sbrk is declared
configure:6557: result: yes
configure:6568: checking whether strverscmp is declared
configure:6568: result: no
configure:6579: checking whether canonicalize_file_name must be declared
configure:6618: result: yes
configure:6646: checking for stdlib.h
configure:6646: result: yes
configure:6646: checking for unistd.h
configure:6646: result: yes
configure:6658: checking for getpagesize
configure:6658: result: yes
configure:6667: checking for working mmap
configure:6814: result: yes
configure:6825: checking for working strncmp
configure:6908: result: yes
configure:7051: creating ./config.status

## ---------------------- ##
## Running config.status. ##
## ---------------------- ##

This file was extended by config.status, which was
generated by GNU Autoconf 2.64.  Invocation command line was

  CONFIG_FILES    = 
  CONFIG_HEADERS  = 
  CONFIG_LINKS    = 
  CONFIG_COMMANDS = 
  $ ./config.status 

on YouHuatekiMacBook-Pro.local

config.status:984: creating Makefile
config.status:984: creating testsuite/Makefile
config.status:984: creating config.h
config.status:1155: config.h is unchanged
config.status:1169: executing default commands

## ---------------- ##
## Cache variables. ##
## ---------------- ##

ac_cv_build=x86_64-apple-darwin13.0.0
ac_cv_c_bigendian=no
ac_cv_c_compiler_gnu=yes
ac_cv_c_const=yes
ac_cv_c_inline=inline
ac_cv_c_stack_direction=-1
ac_cv_env_CC_set=set
ac_cv_env_CC_value=gcc
ac_cv_env_CFLAGS_set=set
ac_cv_env_CFLAGS_value='-g -O2'
ac_cv_env_CPPFLAGS_set=
ac_cv_env_CPPFLAGS_value=
ac_cv_env_CPP_set=
ac_cv_env_CPP_value=
ac_cv_env_LDFLAGS_set=set
ac_cv_env_LDFLAGS_value=' '
ac_cv_env_LIBS_set=
ac_cv_env_LIBS_value=
ac_cv_env_build_alias_set=set
ac_cv_env_build_alias_value=x86_64-apple-darwin13.0.0
ac_cv_env_host_alias_set=set
ac_cv_env_host_alias_value=x86_64-apple-darwin13.0.0
ac_cv_env_target_alias_set=set
ac_cv_env_target_alias_value=x86_64-apple-darwin13.0.0
ac_cv_func___fsetlocking=no
ac_cv_func__doprnt=no
ac_cv_func_asprintf=yes
ac_cv_func_atexit=yes
ac_cv_func_basename=yes
ac_cv_func_bcmp=yes
ac_cv_func_bcopy=yes
ac_cv_func_bsearch=yes
ac_cv_func_bzero=yes
ac_cv_func_calloc=yes
ac_cv_func_canonicalize_file_name=no
ac_cv_func_clock=yes
ac_cv_func_dup3=no
ac_cv_func_ffs=yes
ac_cv_func_fork=yes
ac_cv_func_fork_works=yes
ac_cv_func_getcwd=yes
ac_cv_func_getpagesize=yes
ac_cv_func_getrlimit=yes
ac_cv_func_getrusage=yes
ac_cv_func_getsysinfo=no
ac_cv_func_gettimeofday=yes
ac_cv_func_index=yes
ac_cv_func_insque=yes
ac_cv_func_memchr=yes
ac_cv_func_memcmp=yes
ac_cv_func_memcpy=yes
ac_cv_func_memmem=yes
ac_cv_func_memmove=yes
ac_cv_func_mempcpy=no
ac_cv_func_memset=yes
ac_cv_func_mkstemps=yes
ac_cv_func_mmap_fixed_mapped=yes
ac_cv_func_on_exit=no
ac_cv_func_psignal=yes
ac_cv_func_pstat_getdynamic=no
ac_cv_func_pstat_getstatic=no
ac_cv_func_putenv=yes
ac_cv_func_random=yes
ac_cv_func_realpath=yes
ac_cv_func_rename=yes
ac_cv_func_rindex=yes
ac_cv_func_sbrk=yes
ac_cv_func_setenv=yes
ac_cv_func_setproctitle=no
ac_cv_func_setrlimit=yes
ac_cv_func_sigsetmask=yes
ac_cv_func_snprintf=yes
ac_cv_func_spawnve=no
ac_cv_func_spawnvpe=no
ac_cv_func_stpcpy=yes
ac_cv_func_stpncpy=yes
ac_cv_func_strcasecmp=yes
ac_cv_func_strchr=yes
ac_cv_func_strdup=yes
ac_cv_func_strerror=yes
ac_cv_func_strncasecmp=yes
ac_cv_func_strncmp_works=yes
ac_cv_func_strndup=yes
ac_cv_func_strnlen=yes
ac_cv_func_strrchr=yes
ac_cv_func_strsignal=yes
ac_cv_func_strstr=yes
ac_cv_func_strtod=yes
ac_cv_func_strtol=yes
ac_cv_func_strtoul=yes
ac_cv_func_strverscmp=no
ac_cv_func_sysconf=yes
ac_cv_func_sysctl=yes
ac_cv_func_sysmp=no
ac_cv_func_table=no
ac_cv_func_times=yes
ac_cv_func_tmpnam=yes
ac_cv_func_vasprintf=yes
ac_cv_func_vfork=yes
ac_cv_func_vfork_works=yes
ac_cv_func_vfprintf=yes
ac_cv_func_vprintf=yes
ac_cv_func_vsnprintf=yes
ac_cv_func_vsprintf=yes
ac_cv_func_wait3=yes
ac_cv_func_wait4=yes
ac_cv_func_waitpid=yes
ac_cv_have_decl_asprintf=yes
ac_cv_have_decl_basename_char_p_=no
ac_cv_have_decl_calloc=yes
ac_cv_have_decl_ffs=yes
ac_cv_have_decl_getenv=yes
ac_cv_have_decl_getopt=yes
ac_cv_have_decl_malloc=yes
ac_cv_have_decl_realloc=yes
ac_cv_have_decl_sbrk=yes
ac_cv_have_decl_snprintf=yes
ac_cv_have_decl_strverscmp=no
ac_cv_have_decl_vasprintf=yes
ac_cv_have_decl_vsnprintf=yes
ac_cv_header_alloca_h=yes
ac_cv_header_fcntl_h=yes
ac_cv_header_inttypes_h=yes
ac_cv_header_limits_h=yes
ac_cv_header_machine_hal_sysinfo_h=no
ac_cv_header_malloc_h=no
ac_cv_header_memory_h=yes
ac_cv_header_process_h=no
ac_cv_header_stdc=yes
ac_cv_header_stdint_h=yes
ac_cv_header_stdio_ext_h=no
ac_cv_header_stdlib_h=yes
ac_cv_header_string_h=yes
ac_cv_header_strings_h=yes
ac_cv_header_sys_file_h=yes
ac_cv_header_sys_mman_h=yes
ac_cv_header_sys_param_h=yes
ac_cv_header_sys_prctl_h=no
ac_cv_header_sys_pstat_h=no
ac_cv_header_sys_resource_h=yes
ac_cv_header_sys_stat_h=yes
ac_cv_header_sys_sysctl_h=yes
ac_cv_header_sys_sysinfo_h=no
ac_cv_header_sys_sysmp_h=no
ac_cv_header_sys_systemcfg_h=no
ac_cv_header_sys_table_h=no
ac_cv_header_sys_time_h=yes
ac_cv_header_sys_types_h=yes
ac_cv_header_sys_wait_h=yes
ac_cv_header_time=yes
ac_cv_header_time_h=yes
ac_cv_header_unistd_h=yes
ac_cv_header_vfork_h=no
ac_cv_host=x86_64-apple-darwin13.0.0
ac_cv_objext=o
ac_cv_os_cray=no
ac_cv_path_EGREP='/usr/bin/grep -E'
ac_cv_path_GREP=/usr/bin/grep
ac_cv_prog_AR=ar
ac_cv_prog_CC=gcc
ac_cv_prog_CPP='gcc -E'
ac_cv_prog_MAKEINFO='makeinfo --split-size=5000000'
ac_cv_prog_PERL=perl
ac_cv_prog_RANLIB=ranlib
ac_cv_prog_cc_c89=
ac_cv_prog_cc_g=yes
ac_cv_prog_cc_gcc_c_o=yes
ac_cv_search_strerror='none required'
ac_cv_sizeof_int=4
ac_cv_sys_file_offset_bits=no
ac_cv_sys_largefile_CC=no
ac_cv_type_intptr_t=yes
ac_cv_type_pid_t=yes
ac_cv_type_ssize_t=yes
ac_cv_type_uintptr_t=yes
acx_cv_prog_cc_pedantic_=yes
acx_cv_prog_cc_warning__W=yes
acx_cv_prog_cc_warning__Wall=yes
acx_cv_prog_cc_warning__Wcpp_compat=yes
acx_cv_prog_cc_warning__Wstrict_prototypes=yes
acx_cv_prog_cc_warning__Wwrite_strings=yes
liberty_cv_uint64=uint64_t
libiberty_cv_decl_needed_canonicalize_file_name=yes
libiberty_cv_declare_errno=no
libiberty_cv_var_sys_errlist=yes
libiberty_cv_var_sys_nerr=yes
libiberty_cv_var_sys_siglist=yes

## ----------------- ##
## Output variables. ##
## ----------------- ##

AR='ar'
BUILD_INFO='info'
CC='gcc'
CFLAGS='-g -O2'
CHECK='really-check'
CPP='gcc -E'
CPPFLAGS=''
DEFS='-DHAVE_CONFIG_H'
ECHO_C='\c'
ECHO_N=''
ECHO_T=''
EGREP='/usr/bin/grep -E'
EXEEXT=''
GREP='/usr/bin/grep'
HAVE_PERL=''
INSTALL_DATA='/usr/bin/install -c -m 644'
INSTALL_DEST='libdir'
INSTALL_PROGRAM='/usr/bin/install -c'
INSTALL_SCRIPT='/usr/bin/install -c'
LDFLAGS=' '
LIBOBJS=' ${LIBOBJDIR}./mempcpy$U.o ${LIBOBJDIR}./strverscmp$U.o ${LIBOBJDIR}./setproctitle$U.o'
LIBS=''
LTLIBOBJS=' ${LIBOBJDIR}./mempcpy$U.lo ${LIBOBJDIR}./strverscmp$U.lo ${LIBOBJDIR}./setproctitle$U.lo'
MAINT='#'
MAKEINFO='makeinfo --split-size=5000000'
NOTMAINT=''
NO_MINUS_C_MINUS_O=''
OBJEXT='o'
OUTPUT_OPTION='-o $@'
PACKAGE_BUGREPORT=''
PACKAGE_NAME=''
PACKAGE_STRING=''
PACKAGE_TARNAME=''
PACKAGE_URL=''
PACKAGE_VERSION=''
PATH_SEPARATOR=':'
PERL='perl'
PICFLAG=''
RANLIB='ranlib'
SHELL='/bin/sh'
ac_ct_CC=''
ac_libiberty_warn_cflags='-W -Wall -Wwrite-strings -Wc++-compat -Wstrict-prototypes -pedantic '
bindir='${exec_prefix}/bin'
build='x86_64-apple-darwin13.0.0'
build_alias='x86_64-apple-darwin13.0.0'
build_cpu='x86_64'
build_os='darwin13.0.0'
build_vendor='apple'
datadir='${datarootdir}'
datarootdir='${prefix}/share'
docdir='${datarootdir}/doc/${PACKAGE}'
dvidir='${docdir}'
exec_prefix='${prefix}'
host='x86_64-apple-darwin13.0.0'
host_alias='x86_64-apple-darwin13.0.0'
host_cpu='x86_64'
host_os='darwin13.0.0'
host_vendor='apple'
htmldir='${docdir}'
includedir='${prefix}/include'
infodir='${datarootdir}/info'
libdir='${exec_prefix}/lib'
libexecdir='${exec_prefix}/libexec'
libiberty_topdir='./..'
localedir='${datarootdir}/locale'
localstatedir='${prefix}/var'
mandir='${datarootdir}/man'
oldincludedir='/usr/include'
pdfdir='${docdir}'
pexecute='pex-unix'
prefix='/usr/local'
program_transform_name='s,y,y,'
psdir='${docdir}'
sbindir='${exec_prefix}/sbin'
sharedstatedir='${prefix}/com'
sysconfdir='${prefix}/etc'
target_alias='x86_64-apple-darwin13.0.0'
target_header_dir=''

## ------------------- ##
## File substitutions. ##
## ------------------- ##

host_makefile_frag='xhost-mkfrag'

## ----------- ##
## confdefs.h. ##
## ----------- ##

/* confdefs.h */
#define PACKAGE_NAME ""
#define PACKAGE_TARNAME ""
#define PACKAGE_VERSION ""
#define PACKAGE_STRING ""
#define PACKAGE_BUGREPORT ""
#define PACKAGE_URL ""
#define STDC_HEADERS 1
#define HAVE_SYS_TYPES_H 1
#define HAVE_SYS_STAT_H 1
#define HAVE_STDLIB_H 1
#define HAVE_STRING_H 1
#define HAVE_MEMORY_H 1
#define HAVE_STRINGS_H 1
#define HAVE_INTTYPES_H 1
#define HAVE_STDINT_H 1
#define HAVE_UNISTD_H 1
#define HAVE_SYS_FILE_H 1
#define HAVE_SYS_PARAM_H 1
#define HAVE_LIMITS_H 1
#define HAVE_STDLIB_H 1
#define HAVE_STRING_H 1
#define HAVE_UNISTD_H 1
#define HAVE_STRINGS_H 1
#define HAVE_SYS_TIME_H 1
#define HAVE_TIME_H 1
#define HAVE_SYS_RESOURCE_H 1
#define HAVE_SYS_STAT_H 1
#define HAVE_SYS_MMAN_H 1
#define HAVE_FCNTL_H 1
#define HAVE_ALLOCA_H 1
#define HAVE_SYS_SYSCTL_H 1
#define HAVE_STDINT_H 1
#define HAVE_SYS_WAIT_H 1
#define TIME_WITH_SYS_TIME 1
#define SIZEOF_INT 4
#define UNSIGNED_64BIT_TYPE uint64_t
#define HAVE_INTPTR_T 1
#define HAVE_UINTPTR_T 1
#define HAVE_UINTPTR_T 1
#define HAVE_ASPRINTF 1
#define HAVE_ATEXIT 1
#define HAVE_BASENAME 1
#define HAVE_BCMP 1
#define HAVE_BCOPY 1
#define HAVE_BSEARCH 1
#define HAVE_BZERO 1
#define HAVE_CALLOC 1
#define HAVE_CLOCK 1
#define HAVE_FFS 1
#define HAVE_GETCWD 1
#define HAVE_GETPAGESIZE 1
#define HAVE_GETTIMEOFDAY 1
#define HAVE_INDEX 1
#define HAVE_INSQUE 1
#define HAVE_MEMCHR 1
#define HAVE_MEMCMP 1
#define HAVE_MEMCPY 1
#define HAVE_MEMMEM 1
#define HAVE_MEMMOVE 1
#define HAVE_MEMSET 1
#define HAVE_MKSTEMPS 1
#define HAVE_PUTENV 1
#define HAVE_RANDOM 1
#define HAVE_RENAME 1
#define HAVE_RINDEX 1
#define HAVE_SETENV 1
#define HAVE_SNPRINTF 1
#define HAVE_SIGSETMASK 1
#define HAVE_STPCPY 1
#define HAVE_STPNCPY 1
#define HAVE_STRCASECMP 1
#define HAVE_STRCHR 1
#define HAVE_STRDUP 1
#define HAVE_STRNCASECMP 1
#define HAVE_STRNDUP 1
#define HAVE_STRNLEN 1
#define HAVE_STRRCHR 1
#define HAVE_STRSTR 1
#define HAVE_STRTOD 1
#define HAVE_STRTOL 1
#define HAVE_STRTOUL 1
#define HAVE_TMPNAM 1
#define HAVE_VASPRINTF 1
#define HAVE_VFPRINTF 1
#define HAVE_VPRINTF 1
#define HAVE_VSNPRINTF 1
#define HAVE_VSPRINTF 1
#define HAVE_WAITPID 1
#define STACK_DIRECTION -1
#define HAVE_FORK 1
#define HAVE_VFORK 1
#define HAVE_WORKING_VFORK 1
#define HAVE_WORKING_FORK 1
#define HAVE_SYS_ERRLIST 1
#define HAVE_SYS_NERR 1
#define HAVE_SYS_SIGLIST 1
#define HAVE_GETRLIMIT 1
#define HAVE_GETRUSAGE 1
#define HAVE_GETTIMEOFDAY 1
#define HAVE_PSIGNAL 1
#define HAVE_REALPATH 1
#define HAVE_SETRLIMIT 1
#define HAVE_SBRK 1
#define HAVE_STRERROR 1
#define HAVE_STRSIGNAL 1
#define HAVE_SYSCONF 1
#define HAVE_SYSCTL 1
#define HAVE_TIMES 1
#define HAVE_WAIT3 1
#define HAVE_WAIT4 1
#define HAVE_DECL_BASENAME 0
#define HAVE_DECL_FFS 1
#define HAVE_DECL_ASPRINTF 1
#define HAVE_DECL_VASPRINTF 1
#define HAVE_DECL_SNPRINTF 1
#define HAVE_DECL_VSNPRINTF 1
#define HAVE_DECL_CALLOC 1
#define HAVE_DECL_GETENV 1
#define HAVE_DECL_GETOPT 1
#define HAVE_DECL_MALLOC 1
#define HAVE_DECL_REALLOC 1
#define HAVE_DECL_SBRK 1
#define HAVE_DECL_STRVERSCMP 0
#define NEED_DECLARATION_CANONICALIZE_FILE_NAME 1
#define HAVE_STDLIB_H 1
#define HAVE_UNISTD_H 1
#define HAVE_GETPAGESIZE 1
#define HAVE_MMAP 1

configure: exit 0
