This file contains any messages produced by compilers while
running configure, to aid debugging if configure makes a mistake.

It was created by configure, which was
generated by GNU Autoconf 2.64.  Invocation command line was

  $ .././gnulib/configure --disable-option-checking --prefix=NONE --with-system-zlib --program-transform-name=s,y,y, --build=x86_64-apple-darwin13.0.0 --host=x86_64-apple-darwin13.0.0 --target=x86_64-apple-darwin13.0.0 build_alias=x86_64-apple-darwin13.0.0 host_alias=x86_64-apple-darwin13.0.0 target_alias=x86_64-apple-darwin13.0.0 CC=gcc CFLAGS=-g -O2 LDFLAGS=  MAKEINFO=makeinfo --split-size=5000000 YACC=bison -y --cache-file=./config.cache --srcdir=.././gnulib

## --------- ##
## Platform. ##
## --------- ##

hostname = YouHuatekiMacBook-Pro.local
uname -m = x86_64
uname -r = 13.0.0
uname -s = Darwin
uname -v = Darwin Kernel Version 13.0.0: Thu Sep 19 22:22:27 PDT 2013; root:xnu-2422.1.72~6/RELEASE_X86_64

/usr/bin/uname -p = i386
/bin/uname -X     = unknown

/bin/arch              = unknown
/usr/bin/arch -k       = unknown
/usr/convex/getsysinfo = unknown
/usr/bin/hostinfo      = Mach kernel version:
	 Darwin Kernel Version 13.0.0: Thu Sep 19 22:22:27 PDT 2013; root:xnu-2422.1.72~6/RELEASE_X86_64
Kernel configured for up to 8 processors.
4 processors are physically available.
8 processors are logically available.
Processor type: i486 (Intel 80486)
Processors active: 0 1 2 3 4 5 6 7
Primary memory available: 16.00 gigabytes
Default processor set: 192 tasks, 895 threads, 8 processors
Load average: 2.51, Mach factor: 5.48
/bin/machine           = unknown
/usr/bin/oslevel       = unknown
/bin/universe          = unknown

PATH: /Users/youhua/.rvm/gems/ruby-2.1.0/bin
PATH: /Users/youhua/.rvm/gems/ruby-2.1.0@global/bin
PATH: /Users/youhua/.rvm/rubies/ruby-2.1.0/bin
PATH: /usr/bin
PATH: /bin
PATH: /usr/sbin
PATH: /sbin
PATH: /usr/local/bin
PATH: /Users/youhua/.rvm/bin


## ----------- ##
## Core tests. ##
## ----------- ##

configure:2581: loading cache ./config.cache
configure:2686: checking whether to enable maintainer-specific portions of Makefiles
configure:2695: result: no
configure:2717: checking for x86_64-apple-darwin13.0.0-gcc
configure:2744: result: gcc
configure:3013: checking for C compiler version
configure:3022: gcc --version >&5
Apple LLVM version 5.0 (clang-500.2.79) (based on LLVM 3.3svn)
Target: x86_64-apple-darwin13.0.0
Thread model: posix
Configured with: --prefix=/Applications/Xcode.app/Contents/Developer/usr --with-gxx-include-dir=/usr/include/c++/4.2.1
configure:3033: $? = 0
configure:3022: gcc -v >&5
Configured with: --prefix=/Applications/Xcode.app/Contents/Developer/usr --with-gxx-include-dir=/usr/include/c++/4.2.1
Apple LLVM version 5.0 (clang-500.2.79) (based on LLVM 3.3svn)
Target: x86_64-apple-darwin13.0.0
Thread model: posix
configure:3033: $? = 0
configure:3022: gcc -V >&5
clang: error: argument to '-V' is missing (expected 1 value)
clang: error: no input files
configure:3033: $? = 1
configure:3022: gcc -qversion >&5
clang: error: no input files
configure:3033: $? = 1
configure:3055: checking for C compiler default output file name
configure:3077: gcc -g -O2    conftest.c  >&5
configure:3081: $? = 0
configure:3118: result: a.out
configure:3134: checking whether the C compiler works
configure:3143: ./a.out
configure:3147: $? = 0
configure:3162: result: yes
configure:3169: checking whether we are cross compiling
configure:3171: result: no
configure:3174: checking for suffix of executables
configure:3181: gcc -o conftest -g -O2    conftest.c  >&5
configure:3185: $? = 0
configure:3207: result: 
configure:3213: checking for suffix of object files
configure:3260: result: o
configure:3264: checking whether we are using the GNU C compiler
configure:3292: result: yes
configure:3301: checking whether gcc accepts -g
configure:3362: result: yes
configure:3379: checking for gcc option to accept ISO C89
configure:3456: result: none needed
configure:3503: checking build system type
configure:3517: result: x86_64-apple-darwin13.0.0
configure:3537: checking host system type
configure:3550: result: x86_64-apple-darwin13.0.0
configure:3576: checking how to run the C preprocessor
configure:3646: result: gcc -E
configure:3666: gcc -E  conftest.c
configure:3666: $? = 0
configure:3680: gcc -E  conftest.c
conftest.c:9:10: fatal error: 'ac_nonexistent.h' file not found
#include <ac_nonexistent.h>
         ^
1 error generated.
configure:3680: $? = 1
configure: failed program was:
| /* confdefs.h */
| #define PACKAGE_NAME ""
| #define PACKAGE_TARNAME ""
| #define PACKAGE_VERSION ""
| #define PACKAGE_STRING ""
| #define PACKAGE_BUGREPORT ""
| #define PACKAGE_URL ""
| /* end confdefs.h.  */
| #include <ac_nonexistent.h>
configure:3709: checking for grep that handles long lines and -e
configure:3767: result: /usr/bin/grep
configure:3772: checking for egrep
configure:3834: result: /usr/bin/grep -E
configure:3839: checking for ANSI C header files
configure:3943: result: yes
configure:3956: checking for sys/types.h
configure:3956: result: yes
configure:3956: checking for sys/stat.h
configure:3956: result: yes
configure:3956: checking for stdlib.h
configure:3956: result: yes
configure:3956: checking for string.h
configure:3956: result: yes
configure:3956: checking for memory.h
configure:3956: result: yes
configure:3956: checking for strings.h
configure:3956: result: yes
configure:3956: checking for inttypes.h
configure:3956: result: yes
configure:3956: checking for stdint.h
configure:3956: result: yes
configure:3956: checking for unistd.h
configure:3956: result: yes
configure:3972: checking for minix/config.h
configure:3972: result: no
configure:4001: checking whether it is safe to define __EXTENSIONS__
configure:4026: result: yes
configure:4044: checking for Minix Amsterdam compiler
configure:4068: result: no
configure:4329: checking for x86_64-apple-darwin13.0.0-gcc
configure:4356: result: gcc
configure:4625: checking for C compiler version
configure:4634: gcc --version >&5
Apple LLVM version 5.0 (clang-500.2.79) (based on LLVM 3.3svn)
Target: x86_64-apple-darwin13.0.0
Thread model: posix
Configured with: --prefix=/Applications/Xcode.app/Contents/Developer/usr --with-gxx-include-dir=/usr/include/c++/4.2.1
configure:4645: $? = 0
configure:4634: gcc -v >&5
Configured with: --prefix=/Applications/Xcode.app/Contents/Developer/usr --with-gxx-include-dir=/usr/include/c++/4.2.1
Apple LLVM version 5.0 (clang-500.2.79) (based on LLVM 3.3svn)
Target: x86_64-apple-darwin13.0.0
Thread model: posix
configure:4645: $? = 0
configure:4634: gcc -V >&5
clang: error: argument to '-V' is missing (expected 1 value)
clang: error: no input files
configure:4645: $? = 1
configure:4634: gcc -qversion >&5
clang: error: no input files
configure:4645: $? = 1
configure:4649: checking whether we are using the GNU C compiler
configure:4677: result: yes
configure:4686: checking whether gcc accepts -g
configure:4747: result: yes
configure:4764: checking for gcc option to accept ISO C89
configure:4841: result: none needed
configure:4888: checking target system type
configure:4901: result: x86_64-apple-darwin13.0.0
configure:4939: checking for working alloca.h
configure:4964: result: yes
configure:4972: checking for alloca
configure:5017: result: yes
configure:5133: checking for mbstate_t
configure:5164: result: yes
configure:5183: checking for btowc
configure:5183: result: yes
configure:5183: checking for isblank
configure:5183: result: yes
configure:5183: checking for iswctype
configure:5183: result: yes
configure:5183: checking for mbsrtowcs
configure:5183: result: yes
configure:5183: checking for mempcpy
configure:5183: result: no
configure:5183: checking for wmemchr
configure:5183: result: yes
configure:5183: checking for wmemcpy
configure:5183: result: yes
configure:5183: checking for wmempcpy
configure:5183: result: no
configure:5183: checking for symlink
configure:5183: result: yes
configure:5183: checking for mbsinit
configure:5183: result: yes
configure:5183: checking for mbrtowc
configure:5183: result: yes
configure:5183: checking for mprotect
configure:5183: result: yes
configure:5183: checking for iswcntrl
configure:5183: result: yes
configure:5239: checking for wctype.h
configure:5239: result: yes
configure:5239: checking for wchar.h
configure:5239: result: yes
configure:5239: checking for stdint.h
configure:5239: result: yes
configure:5239: checking for inttypes.h
configure:5239: result: yes
configure:5239: checking for unistd.h
configure:5239: result: yes
configure:5239: checking for sys/mman.h
configure:5239: result: yes
configure:5239: checking for features.h
configure:5239: result: no
configure:5255: checking for unsigned long long int
configure:5303: result: yes
configure:5313: checking for long long int
configure:5363: result: yes
configure:5378: checking whether the preprocessor supports include_next
configure:5437: result: yes
configure:5458: checking whether system header files limit the line length
configure:5481: result: no
configure:5505: gcc -c -g -O2  conftest.c >&5
configure:5505: $? = 0
configure:5670: checking whether stdint.h conforms to C99
configure:5931: result: no
configure:5940: checking for sys/inttypes.h
configure:5940: result: no
configure:5940: checking for sys/bitypes.h
configure:5940: result: no
configure:5970: checking for bit size of ptrdiff_t
configure:5996: result: 64
configure:5970: checking for bit size of size_t
configure:5996: result: 64
configure:6015: checking for bit size of sig_atomic_t
configure:6041: result: 32
configure:6015: checking for bit size of wchar_t
configure:6041: result: 32
configure:6015: checking for bit size of wint_t
configure:6041: result: 32
configure:6059: checking whether sig_atomic_t is signed
configure:6096: result: yes
configure:6059: checking whether wchar_t is signed
configure:6096: result: yes
configure:6059: checking whether wint_t is signed
configure:6096: result: yes
configure:6118: checking for ptrdiff_t integer literal suffix
configure:6173: result: l
configure:6118: checking for size_t integer literal suffix
configure:6173: result: ul
configure:6190: checking for sig_atomic_t integer literal suffix
configure:6245: result: 
configure:6190: checking for wchar_t integer literal suffix
configure:6245: result: 
configure:6190: checking for wint_t integer literal suffix
configure:6245: result: 
configure:6394: checking whether imaxabs is declared without a macro
configure:6420: result: yes
configure:6394: checking whether imaxdiv is declared without a macro
configure:6420: result: yes
configure:6394: checking whether strtoimax is declared without a macro
configure:6420: result: yes
configure:6394: checking whether strtoumax is declared without a macro
configure:6420: result: yes
configure:6436: checking for inttypes.h
configure:6436: result: yes
configure:6447: checking whether the inttypes.h PRIxNN macros are broken
configure:6477: result: no
configure:6493: checking for nl_langinfo and CODESET
configure:6518: result: yes
configure:6553: checking for working fcntl.h
configure:6671: result: no (bad O_NOATIME)
configure:6695: checking whether getc_unlocked is declared
configure:6695: result: yes
configure:6708: checking whether we are using the GNU C Library >= 2.1 or uClibc
configure:6738: result: no
configure:6850: checking for a traditional japanese locale
configure:6981: result: ja_JP.eucJP
configure:6989: checking for a transitional chinese locale
configure:7114: result: zh_CN.GB18030
configure:7121: checking for a french Unicode locale
configure:7242: result: fr_FR.UTF-8
configure:7250: checking for a traditional french locale
configure:7377: result: fr_FR.ISO8859-1
configure:7474: checking for mmap
configure:7474: result: yes
configure:7485: checking for MAP_ANONYMOUS
configure:7522: result: yes
configure:7556: checking whether memchr works
configure:7629: result: yes
configure:7637: checking whether memmem is declared
configure:7637: result: yes
configure:7655: checking for memmem
configure:7655: result: yes
configure:7679: checking whether memmem works
configure:7754: result: no
configure:7765: checking for stdbool.h that conforms to C99
configure:7839: result: yes
configure:7841: checking for _Bool
configure:7841: result: yes
configure:7857: checking for wchar_t
configure:7881: result: yes
configure:7889: checking for C/C++ restrict keyword
configure:7922: result: __restrict
configure:8009: checking whether ffsl is declared without a macro
configure:8035: result: yes
configure:8009: checking whether ffsll is declared without a macro
configure:8035: result: yes
configure:8009: checking whether memmem is declared without a macro
configure:8035: result: yes
configure:8009: checking whether mempcpy is declared without a macro
configure:8035: result: no
configure:8009: checking whether memrchr is declared without a macro
configure:8035: result: no
configure:8009: checking whether rawmemchr is declared without a macro
configure:8035: result: no
configure:8009: checking whether stpcpy is declared without a macro
configure:8035: result: yes
configure:8009: checking whether stpncpy is declared without a macro
configure:8035: result: yes
configure:8009: checking whether strchrnul is declared without a macro
configure:8035: result: no
configure:8009: checking whether strdup is declared without a macro
configure:8035: result: yes
configure:8009: checking whether strncat is declared without a macro
configure:8035: result: yes
configure:8009: checking whether strndup is declared without a macro
configure:8035: result: yes
configure:8009: checking whether strnlen is declared without a macro
configure:8035: result: yes
configure:8009: checking whether strpbrk is declared without a macro
configure:8035: result: yes
configure:8009: checking whether strsep is declared without a macro
configure:8035: result: yes
configure:8009: checking whether strcasestr is declared without a macro
configure:8035: result: yes
configure:8009: checking whether strtok_r is declared without a macro
configure:8035: result: yes
configure:8009: checking whether strerror_r is declared without a macro
configure:8035: result: yes
configure:8009: checking whether strsignal is declared without a macro
configure:8035: result: yes
configure:8009: checking whether strverscmp is declared without a macro
configure:8035: result: no
configure:8049: checking whether <wchar.h> uses 'inline' correctly
configure:8108: result: yes
configure:8143: checking for wint_t
configure:8175: result: yes
configure:8230: checking for alloca as a compiler built-in
configure:8254: result: yes
configure:8325: checking for working GNU fnmatch
configure:8438: result: no
configure:8474: checking whether isblank is declared
configure:8474: result: yes
configure:8546: checking whether isblank is declared
configure:8546: result: yes
configure:8634: checking whether INT32_MAX < INTMAX_MAX
configure:8675: result: yes
configure:8686: checking whether INT64_MAX == LONG_MAX
configure:8727: result: yes
configure:8740: checking whether UINT32_MAX < UINTMAX_MAX
configure:8781: result: yes
configure:8792: checking whether UINT64_MAX == ULONG_MAX
configure:8833: result: yes
configure:8890: checking whether mbrtowc handles incomplete characters
configure:8947: result: yes
configure:8953: checking whether mbrtowc works as well as mbtowc
configure:9014: result: yes
configure:9071: checking whether mbrtowc handles a NULL pwc argument
configure:9142: result: yes
configure:9148: checking whether mbrtowc handles a NULL string argument
configure:9207: result: yes
configure:9215: checking whether mbrtowc has a correct return value
configure:9345: result: yes
configure:9351: checking whether mbrtowc returns 0 when parsing a NUL character
configure:9407: result: yes
configure:9502: checking whether mbrtowc handles incomplete characters
configure:9559: result: yes
configure:9565: checking whether mbrtowc works as well as mbtowc
configure:9626: result: yes
configure:9742: checking whether mbrtowc handles incomplete characters
configure:9799: result: yes
configure:9805: checking whether mbrtowc works as well as mbtowc
configure:9866: result: yes
configure:9926: checking whether mbsrtowcs works
configure:10030: result: yes
configure:10235: checking for memmem
configure:10235: result: yes
configure:10259: checking whether memmem works
configure:10334: result: no
configure:10408: checking whether NULL can be used in arbitrary expressions
configure:10433: result: yes
configure:10625: checking whether btowc is declared without a macro
configure:10661: result: yes
configure:10625: checking whether wctob is declared without a macro
configure:10661: result: yes
configure:10625: checking whether mbsinit is declared without a macro
configure:10661: result: yes
configure:10625: checking whether mbrtowc is declared without a macro
configure:10661: result: yes
configure:10625: checking whether mbrlen is declared without a macro
configure:10661: result: yes
configure:10625: checking whether mbsrtowcs is declared without a macro
configure:10661: result: yes
configure:10625: checking whether mbsnrtowcs is declared without a macro
configure:10661: result: yes
configure:10625: checking whether wcrtomb is declared without a macro
configure:10661: result: yes
configure:10625: checking whether wcsrtombs is declared without a macro
configure:10661: result: yes
configure:10625: checking whether wcsnrtombs is declared without a macro
configure:10661: result: yes
configure:10625: checking whether wcwidth is declared without a macro
configure:10661: result: yes
configure:10625: checking whether wmemchr is declared without a macro
configure:10661: result: yes
configure:10625: checking whether wmemcmp is declared without a macro
configure:10661: result: yes
configure:10625: checking whether wmemcpy is declared without a macro
configure:10661: result: yes
configure:10625: checking whether wmemmove is declared without a macro
configure:10661: result: yes
configure:10625: checking whether wmemset is declared without a macro
configure:10661: result: yes
configure:10625: checking whether wcslen is declared without a macro
configure:10661: result: yes
configure:10625: checking whether wcsnlen is declared without a macro
configure:10661: result: yes
configure:10625: checking whether wcscpy is declared without a macro
configure:10661: result: yes
configure:10625: checking whether wcpcpy is declared without a macro
configure:10661: result: yes
configure:10625: checking whether wcsncpy is declared without a macro
configure:10661: result: yes
configure:10625: checking whether wcpncpy is declared without a macro
configure:10661: result: yes
configure:10625: checking whether wcscat is declared without a macro
configure:10661: result: yes
configure:10625: checking whether wcsncat is declared without a macro
configure:10661: result: yes
configure:10625: checking whether wcscmp is declared without a macro
configure:10661: result: yes
configure:10625: checking whether wcsncmp is declared without a macro
configure:10661: result: yes
configure:10625: checking whether wcscasecmp is declared without a macro
configure:10661: result: yes
configure:10625: checking whether wcsncasecmp is declared without a macro
configure:10661: result: yes
configure:10625: checking whether wcscoll is declared without a macro
configure:10661: result: yes
configure:10625: checking whether wcsxfrm is declared without a macro
configure:10661: result: yes
configure:10625: checking whether wcsdup is declared without a macro
configure:10661: result: yes
configure:10625: checking whether wcschr is declared without a macro
configure:10661: result: yes
configure:10625: checking whether wcsrchr is declared without a macro
configure:10661: result: yes
configure:10625: checking whether wcscspn is declared without a macro
configure:10661: result: yes
configure:10625: checking whether wcsspn is declared without a macro
configure:10661: result: yes
configure:10625: checking whether wcspbrk is declared without a macro
configure:10661: result: yes
configure:10625: checking whether wcsstr is declared without a macro
configure:10661: result: yes
configure:10625: checking whether wcstok is declared without a macro
configure:10661: result: yes
configure:10625: checking whether wcswidth is declared without a macro
configure:10661: result: yes
configure:10782: checking whether iswcntrl works
configure:10837: result: yes
configure:10861: checking for towlower
configure:10861: result: yes
configure:10909: checking for wctype_t
configure:10945: result: yes
configure:10951: checking for wctrans_t
configure:10985: result: yes
configure:10994: checking whether wctype is declared without a macro
configure:11031: result: yes
configure:10994: checking whether iswctype is declared without a macro
configure:11031: result: yes
configure:10994: checking whether wctrans is declared without a macro
configure:11031: result: yes
configure:10994: checking whether towctrans is declared without a macro
configure:11031: result: yes
configure:11102: checking for a BSD-compatible install
configure:11170: result: /usr/bin/install -c
configure:11181: checking whether build environment is sane
configure:11231: result: yes
configure:11372: checking for a thread-safe mkdir -p
configure:11411: result: ../../install-sh -c -d
configure:11425: checking for gawk
configure:11452: result: awk
configure:11463: checking whether /Applications/Xcode.app/Contents/Developer/usr/bin/make sets $(MAKE)
configure:11485: result: yes
configure:11515: checking for style of include used by /Applications/Xcode.app/Contents/Developer/usr/bin/make
configure:11543: result: GNU
configure:11619: checking dependency style of gcc
configure:11729: result: gcc3
configure:11751: checking whether ln -s works
configure:11755: result: yes
configure:11765: checking for x86_64-apple-darwin13.0.0-ranlib
configure:11792: result: ranlib
configure:11858: checking for x86_64-apple-darwin13.0.0-ar
configure:11885: result: ar
configure:12134: creating ./config.status

## ---------------------- ##
## Running config.status. ##
## ---------------------- ##

This file was extended by config.status, which was
generated by GNU Autoconf 2.64.  Invocation command line was

  CONFIG_FILES    = 
  CONFIG_HEADERS  = 
  CONFIG_LINKS    = 
  CONFIG_COMMANDS = 
  $ ./config.status 

on YouHuatekiMacBook-Pro.local

config.status:1261: creating Makefile
config.status:1261: creating import/Makefile
config.status:1261: creating config.h
config.status:1426: config.h is unchanged
config.status:1474: executing depfiles commands
config.status:1474: executing default commands

## ---------------- ##
## Cache variables. ##
## ---------------- ##

ac_cv_build=x86_64-apple-darwin13.0.0
ac_cv_c_compiler_gnu=yes
ac_cv_c_restrict=__restrict
ac_cv_env_CC_set=set
ac_cv_env_CC_value=gcc
ac_cv_env_CFLAGS_set=set
ac_cv_env_CFLAGS_value='-g -O2'
ac_cv_env_CPPFLAGS_set=
ac_cv_env_CPPFLAGS_value=
ac_cv_env_CPP_set=
ac_cv_env_CPP_value=
ac_cv_env_LDFLAGS_set=set
ac_cv_env_LDFLAGS_value=' '
ac_cv_env_LIBS_set=
ac_cv_env_LIBS_value=
ac_cv_env_build_alias_set=set
ac_cv_env_build_alias_value=x86_64-apple-darwin13.0.0
ac_cv_env_host_alias_set=set
ac_cv_env_host_alias_value=x86_64-apple-darwin13.0.0
ac_cv_env_target_alias_set=set
ac_cv_env_target_alias_value=x86_64-apple-darwin13.0.0
ac_cv_func_alloca_works=yes
ac_cv_func_btowc=yes
ac_cv_func_isblank=yes
ac_cv_func_iswcntrl=yes
ac_cv_func_iswctype=yes
ac_cv_func_mbrtowc=yes
ac_cv_func_mbsinit=yes
ac_cv_func_mbsrtowcs=yes
ac_cv_func_memmem=yes
ac_cv_func_mempcpy=no
ac_cv_func_mmap=yes
ac_cv_func_mprotect=yes
ac_cv_func_symlink=yes
ac_cv_func_towlower=yes
ac_cv_func_wmemchr=yes
ac_cv_func_wmemcpy=yes
ac_cv_func_wmempcpy=no
ac_cv_gnu_library_2_1=no
ac_cv_have_decl_btowc=yes
ac_cv_have_decl_ffsl=yes
ac_cv_have_decl_ffsll=yes
ac_cv_have_decl_getc_unlocked=yes
ac_cv_have_decl_imaxabs=yes
ac_cv_have_decl_imaxdiv=yes
ac_cv_have_decl_isblank=yes
ac_cv_have_decl_iswctype=yes
ac_cv_have_decl_mbrlen=yes
ac_cv_have_decl_mbrtowc=yes
ac_cv_have_decl_mbsinit=yes
ac_cv_have_decl_mbsnrtowcs=yes
ac_cv_have_decl_mbsrtowcs=yes
ac_cv_have_decl_memmem=yes
ac_cv_have_decl_stpcpy=yes
ac_cv_have_decl_stpncpy=yes
ac_cv_have_decl_strcasestr=yes
ac_cv_have_decl_strdup=yes
ac_cv_have_decl_strerror_r=yes
ac_cv_have_decl_strncat=yes
ac_cv_have_decl_strndup=yes
ac_cv_have_decl_strnlen=yes
ac_cv_have_decl_strpbrk=yes
ac_cv_have_decl_strsep=yes
ac_cv_have_decl_strsignal=yes
ac_cv_have_decl_strtoimax=yes
ac_cv_have_decl_strtok_r=yes
ac_cv_have_decl_strtoumax=yes
ac_cv_have_decl_towctrans=yes
ac_cv_have_decl_wcpcpy=yes
ac_cv_have_decl_wcpncpy=yes
ac_cv_have_decl_wcrtomb=yes
ac_cv_have_decl_wcscasecmp=yes
ac_cv_have_decl_wcscat=yes
ac_cv_have_decl_wcschr=yes
ac_cv_have_decl_wcscmp=yes
ac_cv_have_decl_wcscoll=yes
ac_cv_have_decl_wcscpy=yes
ac_cv_have_decl_wcscspn=yes
ac_cv_have_decl_wcsdup=yes
ac_cv_have_decl_wcslen=yes
ac_cv_have_decl_wcsncasecmp=yes
ac_cv_have_decl_wcsncat=yes
ac_cv_have_decl_wcsncmp=yes
ac_cv_have_decl_wcsncpy=yes
ac_cv_have_decl_wcsnlen=yes
ac_cv_have_decl_wcsnrtombs=yes
ac_cv_have_decl_wcspbrk=yes
ac_cv_have_decl_wcsrchr=yes
ac_cv_have_decl_wcsrtombs=yes
ac_cv_have_decl_wcsspn=yes
ac_cv_have_decl_wcsstr=yes
ac_cv_have_decl_wcstok=yes
ac_cv_have_decl_wcswidth=yes
ac_cv_have_decl_wcsxfrm=yes
ac_cv_have_decl_wctob=yes
ac_cv_have_decl_wctrans=yes
ac_cv_have_decl_wctype=yes
ac_cv_have_decl_wcwidth=yes
ac_cv_have_decl_wmemchr=yes
ac_cv_have_decl_wmemcmp=yes
ac_cv_have_decl_wmemcpy=yes
ac_cv_have_decl_wmemmove=yes
ac_cv_have_decl_wmemset=yes
ac_cv_header_features_h=no
ac_cv_header_inttypes_h=yes
ac_cv_header_memory_h=yes
ac_cv_header_minix_config_h=no
ac_cv_header_stdbool_h=yes
ac_cv_header_stdc=yes
ac_cv_header_stdint_h=yes
ac_cv_header_stdlib_h=yes
ac_cv_header_string_h=yes
ac_cv_header_strings_h=yes
ac_cv_header_sys_bitypes_h=no
ac_cv_header_sys_inttypes_h=no
ac_cv_header_sys_mman_h=yes
ac_cv_header_sys_stat_h=yes
ac_cv_header_sys_types_h=yes
ac_cv_header_unistd_h=yes
ac_cv_header_wchar_h=yes
ac_cv_header_wctype_h=yes
ac_cv_host=x86_64-apple-darwin13.0.0
ac_cv_objext=o
ac_cv_path_EGREP='/usr/bin/grep -E'
ac_cv_path_GREP=/usr/bin/grep
ac_cv_prog_AR=ar
ac_cv_prog_AWK=awk
ac_cv_prog_CC=gcc
ac_cv_prog_CPP='gcc -E'
ac_cv_prog_RANLIB=ranlib
ac_cv_prog_cc_c89=
ac_cv_prog_cc_g=yes
ac_cv_prog_make__Applications_Xcode_app_Contents_Developer_usr_bin_make_set=yes
ac_cv_safe_to_define___extensions__=yes
ac_cv_target=x86_64-apple-darwin13.0.0
ac_cv_type__Bool=yes
ac_cv_type_long_long_int=yes
ac_cv_type_mbstate_t=yes
ac_cv_type_unsigned_long_long_int=yes
ac_cv_working_alloca_h=yes
am_cv_CC_dependencies_compiler_type=gcc3
am_cv_langinfo_codeset=yes
am_cv_prog_cc_stdc=
gl_cv_bitsizeof_ptrdiff_t=64
gl_cv_bitsizeof_sig_atomic_t=32
gl_cv_bitsizeof_size_t=64
gl_cv_bitsizeof_wchar_t=32
gl_cv_bitsizeof_wint_t=32
gl_cv_c_amsterdam_compiler=no
gl_cv_c_multiarch=no
gl_cv_decl_null_works=yes
gl_cv_func_fnmatch_gnu=no
gl_cv_func_iswcntrl_works=yes
gl_cv_func_mbrtowc_incomplete_state=yes
gl_cv_func_mbrtowc_nul_retval=yes
gl_cv_func_mbrtowc_null_arg1=yes
gl_cv_func_mbrtowc_null_arg2=yes
gl_cv_func_mbrtowc_retval=yes
gl_cv_func_mbrtowc_sanitycheck=yes
gl_cv_func_mbsrtowcs_works=yes
gl_cv_func_memchr_works=yes
gl_cv_func_memmem_works_always=no
gl_cv_have_include_next=yes
gl_cv_have_raw_decl_btowc=yes
gl_cv_have_raw_decl_ffsl=yes
gl_cv_have_raw_decl_ffsll=yes
gl_cv_have_raw_decl_imaxabs=yes
gl_cv_have_raw_decl_imaxdiv=yes
gl_cv_have_raw_decl_iswctype=yes
gl_cv_have_raw_decl_mbrlen=yes
gl_cv_have_raw_decl_mbrtowc=yes
gl_cv_have_raw_decl_mbsinit=yes
gl_cv_have_raw_decl_mbsnrtowcs=yes
gl_cv_have_raw_decl_mbsrtowcs=yes
gl_cv_have_raw_decl_memmem=yes
gl_cv_have_raw_decl_mempcpy=no
gl_cv_have_raw_decl_memrchr=no
gl_cv_have_raw_decl_rawmemchr=no
gl_cv_have_raw_decl_stpcpy=yes
gl_cv_have_raw_decl_stpncpy=yes
gl_cv_have_raw_decl_strcasestr=yes
gl_cv_have_raw_decl_strchrnul=no
gl_cv_have_raw_decl_strdup=yes
gl_cv_have_raw_decl_strerror_r=yes
gl_cv_have_raw_decl_strncat=yes
gl_cv_have_raw_decl_strndup=yes
gl_cv_have_raw_decl_strnlen=yes
gl_cv_have_raw_decl_strpbrk=yes
gl_cv_have_raw_decl_strsep=yes
gl_cv_have_raw_decl_strsignal=yes
gl_cv_have_raw_decl_strtoimax=yes
gl_cv_have_raw_decl_strtok_r=yes
gl_cv_have_raw_decl_strtoumax=yes
gl_cv_have_raw_decl_strverscmp=no
gl_cv_have_raw_decl_towctrans=yes
gl_cv_have_raw_decl_wcpcpy=yes
gl_cv_have_raw_decl_wcpncpy=yes
gl_cv_have_raw_decl_wcrtomb=yes
gl_cv_have_raw_decl_wcscasecmp=yes
gl_cv_have_raw_decl_wcscat=yes
gl_cv_have_raw_decl_wcschr=yes
gl_cv_have_raw_decl_wcscmp=yes
gl_cv_have_raw_decl_wcscoll=yes
gl_cv_have_raw_decl_wcscpy=yes
gl_cv_have_raw_decl_wcscspn=yes
gl_cv_have_raw_decl_wcsdup=yes
gl_cv_have_raw_decl_wcslen=yes
gl_cv_have_raw_decl_wcsncasecmp=yes
gl_cv_have_raw_decl_wcsncat=yes
gl_cv_have_raw_decl_wcsncmp=yes
gl_cv_have_raw_decl_wcsncpy=yes
gl_cv_have_raw_decl_wcsnlen=yes
gl_cv_have_raw_decl_wcsnrtombs=yes
gl_cv_have_raw_decl_wcspbrk=yes
gl_cv_have_raw_decl_wcsrchr=yes
gl_cv_have_raw_decl_wcsrtombs=yes
gl_cv_have_raw_decl_wcsspn=yes
gl_cv_have_raw_decl_wcsstr=yes
gl_cv_have_raw_decl_wcstok=yes
gl_cv_have_raw_decl_wcswidth=yes
gl_cv_have_raw_decl_wcsxfrm=yes
gl_cv_have_raw_decl_wctob=yes
gl_cv_have_raw_decl_wctrans=yes
gl_cv_have_raw_decl_wctype=yes
gl_cv_have_raw_decl_wcwidth=yes
gl_cv_have_raw_decl_wmemchr=yes
gl_cv_have_raw_decl_wmemcmp=yes
gl_cv_have_raw_decl_wmemcpy=yes
gl_cv_have_raw_decl_wmemmove=yes
gl_cv_have_raw_decl_wmemset=yes
gl_cv_header_wchar_h_correct_inline=yes
gl_cv_header_working_fcntl_h='no (bad O_NOATIME)'
gl_cv_header_working_stdint_h=no
gl_cv_next_inttypes_h='<inttypes.h>'
gl_cv_next_stdint_h='<stdint.h>'
gl_cv_next_string_h='<string.h>'
gl_cv_next_wchar_h='<wchar.h>'
gl_cv_next_wctype_h='<wctype.h>'
gl_cv_pragma_columns=no
gl_cv_rpl_alloca=yes
gl_cv_test_INT32_MAX_LT_INTMAX_MAX=yes
gl_cv_test_INT64_MAX_EQ_LONG_MAX=yes
gl_cv_test_UINT32_MAX_LT_UINTMAX_MAX=yes
gl_cv_test_UINT64_MAX_EQ_ULONG_MAX=yes
gl_cv_type_ptrdiff_t_signed=yes
gl_cv_type_ptrdiff_t_suffix=l
gl_cv_type_sig_atomic_t_signed=yes
gl_cv_type_sig_atomic_t_suffix=
gl_cv_type_size_t_signed=no
gl_cv_type_size_t_suffix=ul
gl_cv_type_wchar_t_signed=yes
gl_cv_type_wchar_t_suffix=
gl_cv_type_wctrans_t=yes
gl_cv_type_wctype_t=yes
gl_cv_type_wint_t_signed=yes
gl_cv_type_wint_t_suffix=
gt_cv_c_wchar_t=yes
gt_cv_c_wint_t=yes
gt_cv_inttypes_pri_broken=no
gt_cv_locale_fr=fr_FR.ISO8859-1
gt_cv_locale_fr_utf8=fr_FR.UTF-8
gt_cv_locale_ja=ja_JP.eucJP
gt_cv_locale_zh_CN=zh_CN.GB18030

## ----------------- ##
## Output variables. ##
## ----------------- ##

ACLOCAL='${SHELL} /Users/youhua/Downloads/gdb-7.6.2/missing --run aclocal-1.11'
ALLOCA=''
ALLOCA_H='alloca.h'
AMDEPBACKSLASH='\'
AMDEP_FALSE='#'
AMDEP_TRUE=''
AMTAR='${SHELL} /Users/youhua/Downloads/gdb-7.6.2/missing --run tar'
APPLE_UNIVERSAL_BUILD='0'
AR='ar'
ARFLAGS='cru'
AUTOCONF='${SHELL} /Users/youhua/Downloads/gdb-7.6.2/missing --run autoconf'
AUTOHEADER='${SHELL} /Users/youhua/Downloads/gdb-7.6.2/missing --run autoheader'
AUTOMAKE='${SHELL} /Users/youhua/Downloads/gdb-7.6.2/missing --run automake-1.11'
AWK='awk'
BITSIZEOF_PTRDIFF_T='64'
BITSIZEOF_SIG_ATOMIC_T='32'
BITSIZEOF_SIZE_T='64'
BITSIZEOF_WCHAR_T='32'
BITSIZEOF_WINT_T='32'
CC='gcc'
CCDEPMODE='depmode=gcc3'
CFLAGS='-g -O2'
CPP='gcc -E'
CPPFLAGS=''
CYGPATH_W='echo'
DEFS='-DHAVE_CONFIG_H'
DEPDIR='.deps'
ECHO_C='\c'
ECHO_N=''
ECHO_T=''
EGREP='/usr/bin/grep -E'
EXEEXT=''
FNMATCH_H='fnmatch.h'
GLIBC21='no'
GL_COND_LIBTOOL_FALSE=''
GL_COND_LIBTOOL_TRUE='#'
GL_GENERATE_ALLOCA_H_FALSE='#'
GL_GENERATE_ALLOCA_H_TRUE=''
GL_GENERATE_FNMATCH_H_FALSE='#'
GL_GENERATE_FNMATCH_H_TRUE=''
GL_GENERATE_STDBOOL_H_FALSE=''
GL_GENERATE_STDBOOL_H_TRUE='#'
GL_GENERATE_STDDEF_H_FALSE=''
GL_GENERATE_STDDEF_H_TRUE='#'
GL_GENERATE_STDINT_H_FALSE='#'
GL_GENERATE_STDINT_H_TRUE=''
GNULIB_BTOWC='0'
GNULIB_FFSL='0'
GNULIB_FFSLL='0'
GNULIB_IMAXABS='0'
GNULIB_IMAXDIV='0'
GNULIB_ISWBLANK='0'
GNULIB_ISWCTYPE='0'
GNULIB_MBRLEN='0'
GNULIB_MBRTOWC='1'
GNULIB_MBSCASECMP='0'
GNULIB_MBSCASESTR='0'
GNULIB_MBSCHR='0'
GNULIB_MBSCSPN='0'
GNULIB_MBSINIT='1'
GNULIB_MBSLEN='0'
GNULIB_MBSNCASECMP='0'
GNULIB_MBSNLEN='0'
GNULIB_MBSNRTOWCS='0'
GNULIB_MBSPBRK='0'
GNULIB_MBSPCASECMP='0'
GNULIB_MBSRCHR='0'
GNULIB_MBSRTOWCS='1'
GNULIB_MBSSEP='0'
GNULIB_MBSSPN='0'
GNULIB_MBSSTR='0'
GNULIB_MBSTOK_R='0'
GNULIB_MEMCHR='1'
GNULIB_MEMMEM='1'
GNULIB_MEMPCPY='0'
GNULIB_MEMRCHR='0'
GNULIB_RAWMEMCHR='0'
GNULIB_STPCPY='0'
GNULIB_STPNCPY='0'
GNULIB_STRCASESTR='0'
GNULIB_STRCHRNUL='0'
GNULIB_STRDUP='0'
GNULIB_STRERROR='0'
GNULIB_STRERROR_R='0'
GNULIB_STRNCAT='0'
GNULIB_STRNDUP='0'
GNULIB_STRNLEN='0'
GNULIB_STRPBRK='0'
GNULIB_STRSEP='0'
GNULIB_STRSIGNAL='0'
GNULIB_STRSTR='0'
GNULIB_STRTOIMAX='0'
GNULIB_STRTOK_R='0'
GNULIB_STRTOUMAX='0'
GNULIB_STRVERSCMP='0'
GNULIB_TOWCTRANS='0'
GNULIB_WCPCPY='0'
GNULIB_WCPNCPY='0'
GNULIB_WCRTOMB='0'
GNULIB_WCSCASECMP='0'
GNULIB_WCSCAT='0'
GNULIB_WCSCHR='0'
GNULIB_WCSCMP='0'
GNULIB_WCSCOLL='0'
GNULIB_WCSCPY='0'
GNULIB_WCSCSPN='0'
GNULIB_WCSDUP='0'
GNULIB_WCSLEN='0'
GNULIB_WCSNCASECMP='0'
GNULIB_WCSNCAT='0'
GNULIB_WCSNCMP='0'
GNULIB_WCSNCPY='0'
GNULIB_WCSNLEN='0'
GNULIB_WCSNRTOMBS='0'
GNULIB_WCSPBRK='0'
GNULIB_WCSRCHR='0'
GNULIB_WCSRTOMBS='0'
GNULIB_WCSSPN='0'
GNULIB_WCSSTR='0'
GNULIB_WCSTOK='0'
GNULIB_WCSWIDTH='0'
GNULIB_WCSXFRM='0'
GNULIB_WCTOB='0'
GNULIB_WCTRANS='0'
GNULIB_WCTYPE='0'
GNULIB_WCWIDTH='0'
GNULIB_WMEMCHR='0'
GNULIB_WMEMCMP='0'
GNULIB_WMEMCPY='0'
GNULIB_WMEMMOVE='0'
GNULIB_WMEMSET='0'
GREP='/usr/bin/grep'
HAVE_BTOWC='1'
HAVE_DECL_IMAXABS='1'
HAVE_DECL_IMAXDIV='1'
HAVE_DECL_MEMMEM='1'
HAVE_DECL_MEMRCHR='1'
HAVE_DECL_STRDUP='1'
HAVE_DECL_STRERROR_R='1'
HAVE_DECL_STRNDUP='1'
HAVE_DECL_STRNLEN='1'
HAVE_DECL_STRSIGNAL='1'
HAVE_DECL_STRTOIMAX='1'
HAVE_DECL_STRTOK_R='1'
HAVE_DECL_STRTOUMAX='1'
HAVE_DECL_WCTOB='1'
HAVE_DECL_WCWIDTH='1'
HAVE_FEATURES_H='0'
HAVE_FFSL='1'
HAVE_FFSLL='1'
HAVE_INTTYPES_H='1'
HAVE_ISWBLANK='1'
HAVE_ISWCNTRL='1'
HAVE_LONG_LONG_INT='1'
HAVE_MBRLEN='1'
HAVE_MBRTOWC='1'
HAVE_MBSINIT='1'
HAVE_MBSLEN='0'
HAVE_MBSNRTOWCS='1'
HAVE_MBSRTOWCS='1'
HAVE_MEMCHR='1'
HAVE_MEMPCPY='1'
HAVE_RAWMEMCHR='1'
HAVE_SIGNED_SIG_ATOMIC_T='1'
HAVE_SIGNED_WCHAR_T='1'
HAVE_SIGNED_WINT_T='1'
HAVE_STDINT_H='1'
HAVE_STPCPY='1'
HAVE_STPNCPY='1'
HAVE_STRCASESTR='1'
HAVE_STRCHRNUL='1'
HAVE_STRPBRK='1'
HAVE_STRSEP='1'
HAVE_STRVERSCMP='1'
HAVE_SYS_BITYPES_H='0'
HAVE_SYS_INTTYPES_H='0'
HAVE_SYS_TYPES_H='1'
HAVE_UNSIGNED_LONG_LONG_INT='1'
HAVE_WCHAR_H='1'
HAVE_WCHAR_T='1'
HAVE_WCPCPY='1'
HAVE_WCPNCPY='1'
HAVE_WCRTOMB='1'
HAVE_WCSCASECMP='1'
HAVE_WCSCAT='1'
HAVE_WCSCHR='1'
HAVE_WCSCMP='1'
HAVE_WCSCOLL='1'
HAVE_WCSCPY='1'
HAVE_WCSCSPN='1'
HAVE_WCSDUP='1'
HAVE_WCSLEN='1'
HAVE_WCSNCASECMP='1'
HAVE_WCSNCAT='1'
HAVE_WCSNCMP='1'
HAVE_WCSNCPY='1'
HAVE_WCSNLEN='1'
HAVE_WCSNRTOMBS='1'
HAVE_WCSPBRK='1'
HAVE_WCSRCHR='1'
HAVE_WCSRTOMBS='1'
HAVE_WCSSPN='1'
HAVE_WCSSTR='1'
HAVE_WCSTOK='1'
HAVE_WCSWIDTH='1'
HAVE_WCSXFRM='1'
HAVE_WCTRANS_T='1'
HAVE_WCTYPE_H='1'
HAVE_WCTYPE_T='1'
HAVE_WINT_T='1'
HAVE_WMEMCHR='1'
HAVE_WMEMCMP='1'
HAVE_WMEMCPY='1'
HAVE_WMEMMOVE='1'
HAVE_WMEMSET='1'
HAVE__BOOL='1'
INCLUDE_NEXT='include_next'
INCLUDE_NEXT_AS_FIRST_DIRECTIVE='include_next'
INSTALL_DATA='/usr/bin/install -c -m 644'
INSTALL_PROGRAM='/usr/bin/install -c'
INSTALL_SCRIPT='/usr/bin/install -c'
INSTALL_STRIP_PROGRAM='$(install_sh) -c -s'
INT32_MAX_LT_INTMAX_MAX='1'
INT64_MAX_EQ_LONG_MAX='1'
LDFLAGS=' '
LIBGNU_LIBDEPS=''
LIBGNU_LTLIBDEPS=''
LIBOBJS=''
LIBS=''
LN_S='ln -s'
LOCALCHARSET_TESTS_ENVIRONMENT='CHARSETALIASDIR="$(abs_top_builddir)/import"'
LOCALE_FR='fr_FR.ISO8859-1'
LOCALE_FR_UTF8='fr_FR.UTF-8'
LOCALE_JA='ja_JP.eucJP'
LOCALE_ZH_CN='zh_CN.GB18030'
LTLIBOBJS=''
MAINT='#'
MAINTAINER_MODE_FALSE=''
MAINTAINER_MODE_TRUE='#'
MAKEINFO='makeinfo --split-size=5000000'
MKDIR_P='../../install-sh -c -d'
NEXT_AS_FIRST_DIRECTIVE_INTTYPES_H='<inttypes.h>'
NEXT_AS_FIRST_DIRECTIVE_STDDEF_H=''
NEXT_AS_FIRST_DIRECTIVE_STDINT_H='<stdint.h>'
NEXT_AS_FIRST_DIRECTIVE_STRING_H='<string.h>'
NEXT_AS_FIRST_DIRECTIVE_WCHAR_H='<wchar.h>'
NEXT_AS_FIRST_DIRECTIVE_WCTYPE_H='<wctype.h>'
NEXT_INTTYPES_H='<inttypes.h>'
NEXT_STDDEF_H=''
NEXT_STDINT_H='<stdint.h>'
NEXT_STRING_H='<string.h>'
NEXT_WCHAR_H='<wchar.h>'
NEXT_WCTYPE_H='<wctype.h>'
OBJEXT='o'
PACKAGE='libgnu'
PACKAGE_BUGREPORT=''
PACKAGE_NAME=''
PACKAGE_STRING=''
PACKAGE_TARNAME=''
PACKAGE_URL=''
PACKAGE_VERSION=''
PATH_SEPARATOR=':'
PRAGMA_COLUMNS=''
PRAGMA_SYSTEM_HEADER='#pragma GCC system_header'
PRIPTR_PREFIX='"l"'
PRI_MACROS_BROKEN='0'
PTRDIFF_T_SUFFIX='l'
RANLIB='ranlib'
REPLACE_BTOWC='0'
REPLACE_ISWBLANK='0'
REPLACE_ISWCNTRL='0'
REPLACE_MBRLEN='0'
REPLACE_MBRTOWC='0'
REPLACE_MBSINIT='0'
REPLACE_MBSNRTOWCS='0'
REPLACE_MBSRTOWCS='0'
REPLACE_MBSTATE_T='0'
REPLACE_MEMCHR='0'
REPLACE_MEMMEM='1'
REPLACE_NULL='0'
REPLACE_STPNCPY='0'
REPLACE_STRCASESTR='0'
REPLACE_STRCHRNUL='0'
REPLACE_STRDUP='0'
REPLACE_STRERROR='0'
REPLACE_STRERROR_R='0'
REPLACE_STRNCAT='0'
REPLACE_STRNDUP='0'
REPLACE_STRNLEN='0'
REPLACE_STRSIGNAL='0'
REPLACE_STRSTR='0'
REPLACE_STRTOIMAX='0'
REPLACE_STRTOK_R='0'
REPLACE_TOWLOWER='0'
REPLACE_WCRTOMB='0'
REPLACE_WCSNRTOMBS='0'
REPLACE_WCSRTOMBS='0'
REPLACE_WCSWIDTH='0'
REPLACE_WCTOB='0'
REPLACE_WCWIDTH='0'
SET_MAKE=''
SHELL='/bin/sh'
SIG_ATOMIC_T_SUFFIX=''
SIZE_T_SUFFIX='ul'
STDBOOL_H=''
STDDEF_H=''
STDINT_H='stdint.h'
STRIP=''
UINT32_MAX_LT_UINTMAX_MAX='1'
UINT64_MAX_EQ_ULONG_MAX='1'
UNDEFINE_STRTOK_R='0'
VERSION='UNUSED-VERSION'
WCHAR_T_SUFFIX=''
WINT_T_SUFFIX=''
ac_ct_CC=''
am__EXEEXT_FALSE=''
am__EXEEXT_TRUE='#'
am__fastdepCC_FALSE='#'
am__fastdepCC_TRUE=''
am__include='include'
am__isrc=' -I$(srcdir)'
am__leading_dot='.'
am__quote=''
am__tar='${AMTAR} chof - "$$tardir"'
am__untar='${AMTAR} xf -'
bindir='${exec_prefix}/bin'
build='x86_64-apple-darwin13.0.0'
build_alias='x86_64-apple-darwin13.0.0'
build_cpu='x86_64'
build_os='darwin13.0.0'
build_vendor='apple'
datadir='${datarootdir}'
datarootdir='${prefix}/share'
docdir='${datarootdir}/doc/${PACKAGE}'
dvidir='${docdir}'
exec_prefix='${prefix}'
gl_LIBOBJS=' fnmatch.o memmem.o'
gl_LTLIBOBJS=' fnmatch.lo memmem.lo'
gltests_LIBOBJS=''
gltests_LTLIBOBJS=''
gltests_WITNESS='IN__GNULIB_TESTS'
host='x86_64-apple-darwin13.0.0'
host_alias='x86_64-apple-darwin13.0.0'
host_cpu='x86_64'
host_os='darwin13.0.0'
host_vendor='apple'
htmldir='${docdir}'
includedir='${prefix}/include'
infodir='${datarootdir}/info'
install_sh='${SHELL} /Users/youhua/Downloads/gdb-7.6.2/install-sh'
libdir='${exec_prefix}/lib'
libexecdir='${exec_prefix}/libexec'
lispdir='${datarootdir}/emacs/site-lisp'
localedir='${datarootdir}/locale'
localstatedir='${prefix}/var'
mandir='${datarootdir}/man'
mkdir_p='$(top_builddir)/../../install-sh -c -d'
oldincludedir='/usr/include'
pdfdir='${docdir}'
pkglibexecdir='${libexecdir}/${PACKAGE}'
prefix='/usr/local'
program_transform_name='s,y,y,'
psdir='${docdir}'
sbindir='${exec_prefix}/sbin'
sharedstatedir='${prefix}/com'
sysconfdir='${prefix}/etc'
target='x86_64-apple-darwin13.0.0'
target_alias='x86_64-apple-darwin13.0.0'
target_cpu='x86_64'
target_os='darwin13.0.0'
target_vendor='apple'

## ----------- ##
## confdefs.h. ##
## ----------- ##

/* confdefs.h */
#define PACKAGE_NAME ""
#define PACKAGE_TARNAME ""
#define PACKAGE_VERSION ""
#define PACKAGE_STRING ""
#define PACKAGE_BUGREPORT ""
#define PACKAGE_URL ""
#define STDC_HEADERS 1
#define HAVE_SYS_TYPES_H 1
#define HAVE_SYS_STAT_H 1
#define HAVE_STDLIB_H 1
#define HAVE_STRING_H 1
#define HAVE_MEMORY_H 1
#define HAVE_STRINGS_H 1
#define HAVE_INTTYPES_H 1
#define HAVE_STDINT_H 1
#define HAVE_UNISTD_H 1
#define __EXTENSIONS__ 1
#define _ALL_SOURCE 1
#define _DARWIN_C_SOURCE 1
#define _GNU_SOURCE 1
#define _POSIX_PTHREAD_SEMANTICS 1
#define _TANDEM_SOURCE 1
#define HAVE_ALLOCA_H 1
#define HAVE_ALLOCA 1
#define HAVE_MBSTATE_T 1
#define HAVE_BTOWC 1
#define HAVE_ISBLANK 1
#define HAVE_ISWCTYPE 1
#define HAVE_MBSRTOWCS 1
#define HAVE_WMEMCHR 1
#define HAVE_WMEMCPY 1
#define HAVE_SYMLINK 1
#define HAVE_MBSINIT 1
#define HAVE_MBRTOWC 1
#define HAVE_MPROTECT 1
#define HAVE_ISWCNTRL 1
#define HAVE_WCTYPE_H 1
#define HAVE_WCHAR_H 1
#define HAVE_STDINT_H 1
#define HAVE_INTTYPES_H 1
#define HAVE_UNISTD_H 1
#define HAVE_SYS_MMAN_H 1
#define HAVE_UNSIGNED_LONG_LONG_INT 1
#define HAVE_LONG_LONG_INT 1
#define BITSIZEOF_PTRDIFF_T 64
#define BITSIZEOF_SIZE_T 64
#define BITSIZEOF_SIG_ATOMIC_T 32
#define BITSIZEOF_WCHAR_T 32
#define BITSIZEOF_WINT_T 32
#define HAVE_SIGNED_SIG_ATOMIC_T 1
#define HAVE_SIGNED_WCHAR_T 1
#define HAVE_SIGNED_WINT_T 1
#define PTRDIFF_T_SUFFIX l
#define SIZE_T_SUFFIX ul
#define SIG_ATOMIC_T_SUFFIX 
#define WCHAR_T_SUFFIX 
#define WINT_T_SUFFIX 
#define HAVE_RAW_DECL_IMAXABS 1
#define HAVE_RAW_DECL_IMAXDIV 1
#define HAVE_RAW_DECL_STRTOIMAX 1
#define HAVE_RAW_DECL_STRTOUMAX 1
#define HAVE_INTTYPES_H 1
#define HAVE_LANGINFO_CODESET 1
#define HAVE_WORKING_O_NOATIME 0
#define HAVE_WORKING_O_NOFOLLOW 1
#define HAVE_DECL_GETC_UNLOCKED 1
#define MAP_ANONYMOUS MAP_ANON
#define HAVE_MAP_ANONYMOUS 1
#define HAVE_DECL_MEMMEM 1
#define HAVE_MEMMEM 1
#define HAVE__BOOL 1
#define HAVE_WCHAR_T 1
#define restrict __restrict
#define HAVE_RAW_DECL_FFSL 1
#define HAVE_RAW_DECL_FFSLL 1
#define HAVE_RAW_DECL_MEMMEM 1
#define HAVE_RAW_DECL_STPCPY 1
#define HAVE_RAW_DECL_STPNCPY 1
#define HAVE_RAW_DECL_STRDUP 1
#define HAVE_RAW_DECL_STRNCAT 1
#define HAVE_RAW_DECL_STRNDUP 1
#define HAVE_RAW_DECL_STRNLEN 1
#define HAVE_RAW_DECL_STRPBRK 1
#define HAVE_RAW_DECL_STRSEP 1
#define HAVE_RAW_DECL_STRCASESTR 1
#define HAVE_RAW_DECL_STRTOK_R 1
#define HAVE_RAW_DECL_STRERROR_R 1
#define HAVE_RAW_DECL_STRSIGNAL 1
#define HAVE_WINT_T 1
#define HAVE_ALLOCA 1
#define fnmatch gnu_fnmatch
#define HAVE_DECL_ISBLANK 1
#define fnmatch gnu_fnmatch
#define HAVE_DECL_ISBLANK 1
#define GNULIB_TEST_MBRTOWC 1
#define GNULIB_TEST_MBSINIT 1
#define GNULIB_TEST_MBSRTOWCS 1
#define GNULIB_TEST_MEMCHR 1
#define HAVE_MEMMEM 1
#define GNULIB_TEST_MEMMEM 1
#define HAVE_RAW_DECL_BTOWC 1
#define HAVE_RAW_DECL_WCTOB 1
#define HAVE_RAW_DECL_MBSINIT 1
#define HAVE_RAW_DECL_MBRTOWC 1
#define HAVE_RAW_DECL_MBRLEN 1
#define HAVE_RAW_DECL_MBSRTOWCS 1
#define HAVE_RAW_DECL_MBSNRTOWCS 1
#define HAVE_RAW_DECL_WCRTOMB 1
#define HAVE_RAW_DECL_WCSRTOMBS 1
#define HAVE_RAW_DECL_WCSNRTOMBS 1
#define HAVE_RAW_DECL_WCWIDTH 1
#define HAVE_RAW_DECL_WMEMCHR 1
#define HAVE_RAW_DECL_WMEMCMP 1
#define HAVE_RAW_DECL_WMEMCPY 1
#define HAVE_RAW_DECL_WMEMMOVE 1
#define HAVE_RAW_DECL_WMEMSET 1
#define HAVE_RAW_DECL_WCSLEN 1
#define HAVE_RAW_DECL_WCSNLEN 1
#define HAVE_RAW_DECL_WCSCPY 1
#define HAVE_RAW_DECL_WCPCPY 1
#define HAVE_RAW_DECL_WCSNCPY 1
#define HAVE_RAW_DECL_WCPNCPY 1
#define HAVE_RAW_DECL_WCSCAT 1
#define HAVE_RAW_DECL_WCSNCAT 1
#define HAVE_RAW_DECL_WCSCMP 1
#define HAVE_RAW_DECL_WCSNCMP 1
#define HAVE_RAW_DECL_WCSCASECMP 1
#define HAVE_RAW_DECL_WCSNCASECMP 1
#define HAVE_RAW_DECL_WCSCOLL 1
#define HAVE_RAW_DECL_WCSXFRM 1
#define HAVE_RAW_DECL_WCSDUP 1
#define HAVE_RAW_DECL_WCSCHR 1
#define HAVE_RAW_DECL_WCSRCHR 1
#define HAVE_RAW_DECL_WCSCSPN 1
#define HAVE_RAW_DECL_WCSSPN 1
#define HAVE_RAW_DECL_WCSPBRK 1
#define HAVE_RAW_DECL_WCSSTR 1
#define HAVE_RAW_DECL_WCSTOK 1
#define HAVE_RAW_DECL_WCSWIDTH 1
#define HAVE_TOWLOWER 1
#define HAVE_RAW_DECL_WCTYPE 1
#define HAVE_RAW_DECL_ISWCTYPE 1
#define HAVE_RAW_DECL_WCTRANS 1
#define HAVE_RAW_DECL_TOWCTRANS 1

configure: exit 0

## ---------------------- ##
## Running config.status. ##
## ---------------------- ##

This file was extended by config.status, which was
generated by GNU Autoconf 2.64.  Invocation command line was

  CONFIG_FILES    = Makefile
  CONFIG_HEADERS  = 
  CONFIG_LINKS    = 
  CONFIG_COMMANDS = depfiles
  $ config.status 

on YouHuatekiMacBook-Pro.local

config.status:1261: creating Makefile
config.status:1474: executing depfiles commands
